#
# There is insufficient memory for the Java Runtime Environment to continue.
# Native memory allocation (mmap) failed to map 78643200 bytes for committing reserved memory.
# Possible reasons:
#   The system is out of physical RAM or swap space
#   In 32 bit mode, the process size limit was hit
# Possible solutions:
#   Reduce memory load on the system
#   Increase physical memory or swap space
#   Check if swap backing store is full
#   Use 64 bit Java on a 64 bit OS
#   Decrease Java heap size (-Xmx/-Xms)
#   Decrease number of Java threads
#   Decrease Java thread stack sizes (-Xss)
#   Set larger code cache with -XX:ReservedCodeCacheSize=
# This output file may be truncated or incomplete.
#
#  Out of Memory Error (os_linux.cpp:2627), pid=30841, tid=140593498916608
#
# JRE version: Java(TM) SE Runtime Environment (8.0_72-b15) (build 1.8.0_72-b15)
# Java VM: Java HotSpot(TM) 64-Bit Server VM (25.72-b15 mixed mode linux-amd64 compressed oops)
# Failed to write core dump. Core dumps have been disabled. To enable core dumping, try "ulimit -c unlimited" before starting Java again
#

---------------  T H R E A D  ---------------

Current thread (0x00007fde90077800):  VMThread [stack: 0x00007fde797f8000,0x00007fde798f9000] [id=30850]

Stack: [0x00007fde797f8000,0x00007fde798f9000],  sp=0x00007fde798f7040,  free space=1020k
Native frames: (J=compiled Java code, j=interpreted, Vv=VM code, C=native code)
V  [libjvm.so+0xaba7ea]  VMError::report_and_die()+0x2ba
V  [libjvm.so+0x4f9e3b]  report_vm_out_of_memory(char const*, int, unsigned long, VMErrorType, char const*)+0x8b
V  [libjvm.so+0x91b613]  os::Linux::commit_memory_impl(char*, unsigned long, bool)+0x103
V  [libjvm.so+0x91bb69]  os::pd_commit_memory(char*, unsigned long, unsigned long, bool)+0x29
V  [libjvm.so+0x915e6a]  os::commit_memory(char*, unsigned long, unsigned long, bool)+0x2a
V  [libjvm.so+0x989543]  PSVirtualSpace::expand_by(unsigned long)+0x53
V  [libjvm.so+0x98a948]  PSYoungGen::resize_generation(unsigned long, unsigned long)+0xf8
V  [libjvm.so+0x989aa2]  PSYoungGen::resize(unsigned long, unsigned long)+0x22
V  [libjvm.so+0x986d7b]  PSScavenge::invoke_no_policy()+0xf3b
V  [libjvm.so+0x982025]  PSParallelCompact::invoke(bool)+0x85
V  [libjvm.so+0x480fa4]  CollectedHeap::collect_as_vm_thread(GCCause::Cause)+0x114
V  [libjvm.so+0xabbc61]  VM_CollectForMetadataAllocation::doit()+0x161
V  [libjvm.so+0xac3c35]  VM_Operation::evaluate()+0x55
V  [libjvm.so+0xac200a]  VMThread::evaluate_operation(VM_Operation*)+0xba
V  [libjvm.so+0xac238e]  VMThread::loop()+0x1ce
V  [libjvm.so+0xac2800]  VMThread::run()+0x70
V  [libjvm.so+0x91d9d8]  java_start(Thread*)+0x108

VM_Operation (0x00007fde7376c870): CollectForMetadataAllocation, mode: safepoint, requested by thread 0x00007fde4000f000


---------------  P R O C E S S  ---------------

Java Threads: ( => current thread )
  0x00007fde2c61f800 JavaThread "process reaper" daemon [_thread_blocked, id=30868, stack(0x00007fde72cb2000,0x00007fde72ceb000)]
  0x00007fde2c02c000 JavaThread "Stdin handler" [_thread_blocked, id=30866, stack(0x00007fde73367000,0x00007fde73468000)]
  0x00007fde4000f000 JavaThread "Daemon worker" [_thread_blocked, id=30863, stack(0x00007fde73672000,0x00007fde73773000)]
  0x00007fde4000e800 JavaThread "Cancel handler" [_thread_blocked, id=30862, stack(0x00007fde73773000,0x00007fde73874000)]
  0x00007fde40005000 JavaThread "Handler for socket connection from /127.0.0.1:55558 to /127.0.0.1:35437" [_thread_in_native, id=30861, stack(0x00007fde73874000,0x00007fde73975000)]
  0x00007fde3c004800 JavaThread "Daemon" [_thread_blocked, id=30860, stack(0x00007fde73975000,0x00007fde73a76000)]
  0x00007fde90af2800 JavaThread "Incoming local TCP Connector on port 55558" [_thread_in_native, id=30859, stack(0x00007fde73a76000,0x00007fde73b77000)]
  0x00007fde900c9000 JavaThread "Service Thread" daemon [_thread_blocked, id=30857, stack(0x00007fde78cf3000,0x00007fde78df4000)]
  0x00007fde900be000 JavaThread "C1 CompilerThread2" daemon [_thread_blocked, id=30856, stack(0x00007fde78df4000,0x00007fde78ef5000)]
  0x00007fde900bc800 JavaThread "C2 CompilerThread1" daemon [_thread_blocked, id=30855, stack(0x00007fde78ef5000,0x00007fde78ff6000)]
  0x00007fde900b9800 JavaThread "C2 CompilerThread0" daemon [_thread_blocked, id=30854, stack(0x00007fde78ff6000,0x00007fde790f7000)]
  0x00007fde900b8000 JavaThread "Signal Dispatcher" daemon [_thread_blocked, id=30853, stack(0x00007fde790f7000,0x00007fde791f8000)]
  0x00007fde90084000 JavaThread "Finalizer" daemon [_thread_blocked, id=30852, stack(0x00007fde795f6000,0x00007fde796f7000)]
  0x00007fde9007f800 JavaThread "Reference Handler" daemon [_thread_blocked, id=30851, stack(0x00007fde796f7000,0x00007fde797f8000)]
  0x00007fde9000a000 JavaThread "main" [_thread_blocked, id=30845, stack(0x00007fde98004000,0x00007fde98105000)]

Other Threads:
=>0x00007fde90077800 VMThread [stack: 0x00007fde797f8000,0x00007fde798f9000] [id=30850]
  0x00007fde900cc000 WatcherThread [stack: 0x00007fde78bf2000,0x00007fde78cf3000] [id=30858]

VM state:at safepoint (normal execution)

VM Mutex/Monitor currently owned by a thread:  ([mutex/lock_event])
[0x00007fde90006270] Threads_lock - owner thread: 0x00007fde90077800
[0x00007fde90006770] Heap_lock - owner thread: 0x00007fde4000f000

Heap:
 PSYoungGen      total 64000K, used 2528K [0x00000000eab00000, 0x00000000eec00000, 0x0000000100000000)
  eden space 61440K, 0% used [0x00000000eab00000,0x00000000eab00000,0x00000000ee700000)
  from space 2560K, 98% used [0x00000000ee700000,0x00000000ee978040,0x00000000ee980000)
  to   space 2560K, 0% used [0x00000000ee980000,0x00000000ee980000,0x00000000eec00000)
 ParOldGen       total 40960K, used 14071K [0x00000000c0000000, 0x00000000c2800000, 0x00000000eab00000)
  object space 40960K, 34% used [0x00000000c0000000,0x00000000c0dbdc28,0x00000000c2800000)
 Metaspace       used 20791K, capacity 21138K, committed 21296K, reserved 1067008K
  class space    used 2931K, capacity 3073K, committed 3120K, reserved 1048576K

Card table byte_map: [0x00007fde94b9f000,0x00007fde94da0000] byte_map_base: 0x00007fde9459f000

Marking Bits: (ParMarkBitMap*) 0x00007fde974d5100
 Begin Bits: [0x00007fde7a000000, 0x00007fde7b000000)
 End Bits:   [0x00007fde7b000000, 0x00007fde7c000000)

Polling page: 0x00007fde98128000

CodeCache: size=245760Kb used=5554Kb max_used=5554Kb free=240205Kb
 bounds [0x00007fde81000000, 0x00007fde81570000, 0x00007fde90000000]
 total_blobs=2070 nmethods=1699 adapters=285
 compilation: enabled

Compilation events (10 events):
Event: 5,007 Thread 0x00007fde900be000 1701       3       sun.reflect.generics.parser.SignatureParser::parseFieldTypeSignature (73 bytes)
Event: 5,008 Thread 0x00007fde900be000 nmethod 1701 0x00007fde8156d910 code [0x00007fde8156db20, 0x00007fde8156e128]
Event: 5,013 Thread 0x00007fde900be000 1702       3       sun.reflect.generics.parser.SignatureParser::make (8 bytes)
Event: 5,013 Thread 0x00007fde900be000 nmethod 1702 0x00007fde8156e490 code [0x00007fde8156e600, 0x00007fde8156e830]
Event: 5,013 Thread 0x00007fde900be000 1703       3       sun.reflect.generics.parser.SignatureParser::<init> (10 bytes)
Event: 5,013 Thread 0x00007fde900be000 nmethod 1703 0x00007fde8156e910 code [0x00007fde8156ea80, 0x00007fde8156ec30]
Event: 5,013 Thread 0x00007fde900be000 1704       3       java.io.FilterOutputStream::<init> (10 bytes)
Event: 5,013 Thread 0x00007fde900b9800 1705       4       sun.misc.ProxyGenerator$ConstantPool::getValue (91 bytes)
Event: 5,014 Thread 0x00007fde900be000 nmethod 1704 0x00007fde8156ecd0 code [0x00007fde8156ee40, 0x00007fde8156f070]
Event: 5,014 Thread 0x00007fde900be000 1706       3       sun.misc.ProxyGenerator::getParameterDescriptors (47 bytes)

GC Heap History (9 events):
Event: 0,644 GC heap before
{Heap before GC invocations=1 (full 0):
 PSYoungGen      total 17920K, used 15360K [0x00000000eab00000, 0x00000000ebf00000, 0x0000000100000000)
  eden space 15360K, 100% used [0x00000000eab00000,0x00000000eba00000,0x00000000eba00000)
  from space 2560K, 0% used [0x00000000ebc80000,0x00000000ebc80000,0x00000000ebf00000)
  to   space 2560K, 0% used [0x00000000eba00000,0x00000000eba00000,0x00000000ebc80000)
 ParOldGen       total 40960K, used 0K [0x00000000c0000000, 0x00000000c2800000, 0x00000000eab00000)
  object space 40960K, 0% used [0x00000000c0000000,0x00000000c0000000,0x00000000c2800000)
 Metaspace       used 5329K, capacity 5912K, committed 6144K, reserved 1056768K
  class space    used 691K, capacity 760K, committed 768K, reserved 1048576K
Event: 0,652 GC heap after
Heap after GC invocations=1 (full 0):
 PSYoungGen      total 17920K, used 2539K [0x00000000eab00000, 0x00000000ece00000, 0x0000000100000000)
  eden space 15360K, 0% used [0x00000000eab00000,0x00000000eab00000,0x00000000eba00000)
  from space 2560K, 99% used [0x00000000eba00000,0x00000000ebc7ae30,0x00000000ebc80000)
  to   space 2560K, 0% used [0x00000000ecb80000,0x00000000ecb80000,0x00000000ece00000)
 ParOldGen       total 40960K, used 201K [0x00000000c0000000, 0x00000000c2800000, 0x00000000eab00000)
  object space 40960K, 0% used [0x00000000c0000000,0x00000000c00325a0,0x00000000c2800000)
 Metaspace       used 5329K, capacity 5912K, committed 6144K, reserved 1056768K
  class space    used 691K, capacity 760K, committed 768K, reserved 1048576K
}
Event: 0,890 GC heap before
{Heap before GC invocations=2 (full 0):
 PSYoungGen      total 17920K, used 17899K [0x00000000eab00000, 0x00000000ece00000, 0x0000000100000000)
  eden space 15360K, 100% used [0x00000000eab00000,0x00000000eba00000,0x00000000eba00000)
  from space 2560K, 99% used [0x00000000eba00000,0x00000000ebc7ae30,0x00000000ebc80000)
  to   space 2560K, 0% used [0x00000000ecb80000,0x00000000ecb80000,0x00000000ece00000)
 ParOldGen       total 40960K, used 201K [0x00000000c0000000, 0x00000000c2800000, 0x00000000eab00000)
  object space 40960K, 0% used [0x00000000c0000000,0x00000000c00325a0,0x00000000c2800000)
 Metaspace       used 5603K, capacity 6160K, committed 6272K, reserved 1056768K
  class space    used 737K, capacity 800K, committed 896K, reserved 1048576K
Event: 0,896 GC heap after
Heap after GC invocations=2 (full 0):
 PSYoungGen      total 33280K, used 2034K [0x00000000eab00000, 0x00000000ece00000, 0x0000000100000000)
  eden space 30720K, 0% used [0x00000000eab00000,0x00000000eab00000,0x00000000ec900000)
  from space 2560K, 79% used [0x00000000ecb80000,0x00000000ecd7cb90,0x00000000ece00000)
  to   space 2560K, 0% used [0x00000000ec900000,0x00000000ec900000,0x00000000ecb80000)
 ParOldGen       total 40960K, used 209K [0x00000000c0000000, 0x00000000c2800000, 0x00000000eab00000)
  object space 40960K, 0% used [0x00000000c0000000,0x00000000c00345a0,0x00000000c2800000)
 Metaspace       used 5603K, capacity 6160K, committed 6272K, reserved 1056768K
  class space    used 737K, capacity 800K, committed 896K, reserved 1048576K
}
Event: 1,665 GC heap before
{Heap before GC invocations=3 (full 0):
 PSYoungGen      total 33280K, used 32754K [0x00000000eab00000, 0x00000000ece00000, 0x0000000100000000)
  eden space 30720K, 100% used [0x00000000eab00000,0x00000000ec900000,0x00000000ec900000)
  from space 2560K, 79% used [0x00000000ecb80000,0x00000000ecd7cb90,0x00000000ece00000)
  to   space 2560K, 0% used [0x00000000ec900000,0x00000000ec900000,0x00000000ecb80000)
 ParOldGen       total 40960K, used 209K [0x00000000c0000000, 0x00000000c2800000, 0x00000000eab00000)
  object space 40960K, 0% used [0x00000000c0000000,0x00000000c00345a0,0x00000000c2800000)
 Metaspace       used 11804K, capacity 12184K, committed 12288K, reserved 1060864K
  class space    used 1593K, capacity 1700K, committed 1792K, reserved 1048576K
Event: 1,679 GC heap after
Heap after GC invocations=3 (full 0):
 PSYoungGen      total 33280K, used 2544K [0x00000000eab00000, 0x00000000eec00000, 0x0000000100000000)
  eden space 30720K, 0% used [0x00000000eab00000,0x00000000eab00000,0x00000000ec900000)
  from space 2560K, 99% used [0x00000000ec900000,0x00000000ecb7c010,0x00000000ecb80000)
  to   space 2560K, 0% used [0x00000000ee980000,0x00000000ee980000,0x00000000eec00000)
 ParOldGen       total 40960K, used 4230K [0x00000000c0000000, 0x00000000c2800000, 0x00000000eab00000)
  object space 40960K, 10% used [0x00000000c0000000,0x00000000c0421b40,0x00000000c2800000)
 Metaspace       used 11804K, capacity 12184K, committed 12288K, reserved 1060864K
  class space    used 1593K, capacity 1700K, committed 1792K, reserved 1048576K
}
Event: 2,476 GC heap before
{Heap before GC invocations=4 (full 0):
 PSYoungGen      total 33280K, used 33264K [0x00000000eab00000, 0x00000000eec00000, 0x0000000100000000)
  eden space 30720K, 100% used [0x00000000eab00000,0x00000000ec900000,0x00000000ec900000)
  from space 2560K, 99% used [0x00000000ec900000,0x00000000ecb7c010,0x00000000ecb80000)
  to   space 2560K, 0% used [0x00000000ee980000,0x00000000ee980000,0x00000000eec00000)
 ParOldGen       total 40960K, used 4230K [0x00000000c0000000, 0x00000000c2800000, 0x00000000eab00000)
  object space 40960K, 10% used [0x00000000c0000000,0x00000000c0421b40,0x00000000c2800000)
 Metaspace       used 17175K, capacity 17570K, committed 17920K, reserved 1064960K
  class space    used 2354K, capacity 2489K, committed 2560K, reserved 1048576K
Event: 2,512 GC heap after
Heap after GC invocations=4 (full 0):
 PSYoungGen      total 64000K, used 2528K [0x00000000eab00000, 0x00000000eec00000, 0x0000000100000000)
  eden space 61440K, 0% used [0x00000000eab00000,0x00000000eab00000,0x00000000ee700000)
  from space 2560K, 98% used [0x00000000ee980000,0x00000000eebf8040,0x00000000eec00000)
  to   space 2560K, 0% used [0x00000000ee700000,0x00000000ee700000,0x00000000ee980000)
 ParOldGen       total 40960K, used 8822K [0x00000000c0000000, 0x00000000c2800000, 0x00000000eab00000)
  object space 40960K, 21% used [0x00000000c0000000,0x00000000c089dab0,0x00000000c2800000)
 Metaspace       used 17175K, capacity 17570K, committed 17920K, reserved 1064960K
  class space    used 2354K, capacity 2489K, committed 2560K, reserved 1048576K
}
Event: 5,019 GC heap before
{Heap before GC invocations=5 (full 0):
 PSYoungGen      total 64000K, used 45224K [0x00000000eab00000, 0x00000000eec00000, 0x0000000100000000)
  eden space 61440K, 69% used [0x00000000eab00000,0x00000000ed4b2238,0x00000000ee700000)
  from space 2560K, 98% used [0x00000000ee980000,0x00000000eebf8040,0x00000000eec00000)
  to   space 2560K, 0% used [0x00000000ee700000,0x00000000ee700000,0x00000000ee980000)
 ParOldGen       total 40960K, used 8822K [0x00000000c0000000, 0x00000000c2800000, 0x00000000eab00000)
  object space 40960K, 21% used [0x00000000c0000000,0x00000000c089dab0,0x00000000c2800000)
 Metaspace       used 20791K, capacity 21138K, committed 21296K, reserved 1067008K
  class space    used 2931K, capacity 3073K, committed 3120K, reserved 1048576K

Deoptimization events (10 events):
Event: 2,785 Thread 0x00007fde4000f000 Uncommon trap: reason=unstable_if action=reinterpret pc=0x00007fde812bdf4c method=java.lang.AbstractStringBuilder.append(Ljava/lang/String;)Ljava/lang/AbstractStringBuilder; @ 1
Event: 2,785 Thread 0x00007fde4000f000 Uncommon trap: reason=unstable_if action=reinterpret pc=0x00007fde811d52e0 method=java.lang.AbstractStringBuilder.append(Ljava/lang/String;)Ljava/lang/AbstractStringBuilder; @ 1
Event: 2,868 Thread 0x00007fde4000f000 Uncommon trap: reason=unstable_if action=reinterpret pc=0x00007fde81250948 method=java.io.UnixFileSystem.normalize(Ljava/lang/String;)Ljava/lang/String; @ 60
Event: 2,924 Thread 0x00007fde4000f000 Uncommon trap: reason=class_check action=maybe_recompile pc=0x00007fde81370ae4 method=sun.misc.URLClassPath.getLoader(I)Lsun/misc/URLClassPath$Loader; @ 94
Event: 2,924 Thread 0x00007fde4000f000 Uncommon trap: reason=class_check action=maybe_recompile pc=0x00007fde812ad568 method=sun.misc.URLClassPath.getResource(Ljava/lang/String;Z)Lsun/misc/Resource; @ 62
Event: 2,924 Thread 0x00007fde4000f000 Uncommon trap: reason=unstable_if action=reinterpret pc=0x00007fde8133f3c4 method=sun.net.www.ParseUtil.encodePath(Ljava/lang/String;Z)Ljava/lang/String; @ 109
Event: 2,938 Thread 0x00007fde4000f000 Uncommon trap: reason=class_check action=maybe_recompile pc=0x00007fde81370ba4 method=sun.misc.URLClassPath.getLoader(I)Lsun/misc/URLClassPath$Loader; @ 193
Event: 2,938 Thread 0x00007fde4000f000 Uncommon trap: reason=class_check action=maybe_recompile pc=0x00007fde81370ba4 method=sun.misc.URLClassPath.getLoader(I)Lsun/misc/URLClassPath$Loader; @ 193
Event: 4,059 Thread 0x00007fde4000f000 Uncommon trap: reason=unstable_if action=reinterpret pc=0x00007fde813fd6ec method=java.util.HashMap.hash(Ljava/lang/Object;)I @ 1
Event: 4,908 Thread 0x00007fde4000f000 Uncommon trap: reason=unstable_if action=reinterpret pc=0x00007fde815218e8 method=java.lang.Class$MethodArray.addIfNotPresent(Ljava/lang/reflect/Method;)V @ 19

Internal exceptions (10 events):
Event: 3,012 Thread 0x00007fde4000f000 Exception <a 'java/lang/ClassNotFoundException': org/gradle/api/internal/project/AbstractPluginAwareCustomizer> (0x00000000ebe45fd0) thrown at [/HUDSON/workspace/8-2-build-linux-amd64/jdk8u72/5732/hotspot/src/share/vm/classfile/systemDictionary.cpp, line 
Event: 3,014 Thread 0x00007fde4000f000 Exception <a 'java/lang/ClassNotFoundException': org/gradle/initialization/BaseSettingsCustomizer> (0x00000000ebe67ed8) thrown at [/HUDSON/workspace/8-2-build-linux-amd64/jdk8u72/5732/hotspot/src/share/vm/classfile/systemDictionary.cpp, line 210]
Event: 3,021 Thread 0x00007fde4000f000 Exception <a 'java/lang/ClassNotFoundException': org/gradle/initialization/DefaultSettingsCustomizer> (0x00000000ebeaa4c0) thrown at [/HUDSON/workspace/8-2-build-linux-amd64/jdk8u72/5732/hotspot/src/share/vm/classfile/systemDictionary.cpp, line 210]
Event: 3,023 Thread 0x00007fde4000f000 Exception <a 'java/lang/ClassNotFoundException': org/gradle/initialization/DefaultSettings_DecoratedCustomizer> (0x00000000ebed02a8) thrown at [/HUDSON/workspace/8-2-build-linux-amd64/jdk8u72/5732/hotspot/src/share/vm/classfile/systemDictionary.cpp, line 
Event: 3,043 Thread 0x00007fde4000f000 Exception <a 'java/lang/ClassNotFoundException': org/gradle/initialization/DefaultProjectDescriptorBeanInfo> (0x00000000ebf49468) thrown at [/HUDSON/workspace/8-2-build-linux-amd64/jdk8u72/5732/hotspot/src/share/vm/classfile/systemDictionary.cpp, line 210
Event: 3,044 Thread 0x00007fde4000f000 Exception <a 'java/lang/ClassNotFoundException': org/gradle/initialization/DefaultProjectDescriptorCustomizer> (0x00000000ebf67e48) thrown at [/HUDSON/workspace/8-2-build-linux-amd64/jdk8u72/5732/hotspot/src/share/vm/classfile/systemDictionary.cpp, line 2
Event: 3,426 Thread 0x00007fde4000f000 Exception <a 'java/lang/NoSuchMethodError': <clinit>> (0x00000000ebfba3a8) thrown at [/HUDSON/workspace/8-2-build-linux-amd64/jdk8u72/5732/hotspot/src/share/vm/prims/jni.cpp, line 1591]
Event: 4,059 Thread 0x00007fde4000f000 Implicit null exception at 0x00007fde813fd4f5 to 0x00007fde813fd6dd
Event: 4,910 Thread 0x00007fde4000f000 Exception <a 'java/lang/ClassNotFoundException': org/gradle/buildinit/plugins/internal/action/WrapperPluginAutoApplyActionBeanInfo> (0x00000000ecec3370) thrown at [/HUDSON/workspace/8-2-build-linux-amd64/jdk8u72/5732/hotspot/src/share/vm/classfile/systemD
Event: 4,910 Thread 0x00007fde4000f000 Exception <a 'java/lang/ClassNotFoundException': org/gradle/buildinit/plugins/internal/action/WrapperPluginAutoApplyActionCustomizer> (0x00000000ecee9548) thrown at [/HUDSON/workspace/8-2-build-linux-amd64/jdk8u72/5732/hotspot/src/share/vm/classfile/syste

Events (10 events):
Event: 5,009 loading class org/gradle/model/internal/method/WeaklyTypeReferencingMethod done
Event: 5,010 loading class org/gradle/model/internal/method/WeaklyTypeReferencingMethod$3
Event: 5,010 loading class org/gradle/model/internal/method/WeaklyTypeReferencingMethod$3 done
Event: 5,012 loading class org/gradle/model/internal/method/WeaklyTypeReferencingMethod$1
Event: 5,012 loading class org/gradle/model/internal/method/WeaklyTypeReferencingMethod$1 done
Event: 5,012 loading class org/gradle/model/Path
Event: 5,012 loading class org/gradle/model/Path done
Event: 5,014 loading class org/gradle/model/internal/inspect/DefaultMethodRuleDefinition$1
Event: 5,014 loading class org/gradle/model/internal/inspect/DefaultMethodRuleDefinition$1 done
Event: 5,017 Executing VM operation: CollectForMetadataAllocation


Dynamic libraries:
00400000-00401000 r-xp 00000000 08:13 1193182                            /usr/lib/jvm/java-8-oracle/bin/java
00600000-00601000 rw-p 00000000 08:13 1193182                            /usr/lib/jvm/java-8-oracle/bin/java
0241a000-0243b000 rw-p 00000000 00:00 0                                  [heap]
c0000000-c2800000 rw-p 00000000 00:00 0 
c2800000-eab00000 ---p 00000000 00:00 0 
eab00000-eec00000 rw-p 00000000 00:00 0 
f3700000-100000000 ---p 00000000 00:00 0 
100000000-10030c000 rw-p 00000000 00:00 0 
10030c000-140000000 ---p 00000000 00:00 0 
7fde24000000-7fde24021000 rw-p 00000000 00:00 0 
7fde24021000-7fde28000000 ---p 00000000 00:00 0 
7fde2c000000-7fde2c95c000 rw-p 00000000 00:00 0 
7fde2c95c000-7fde30000000 ---p 00000000 00:00 0 
7fde30000000-7fde30021000 rw-p 00000000 00:00 0 
7fde30021000-7fde34000000 ---p 00000000 00:00 0 
7fde34000000-7fde34021000 rw-p 00000000 00:00 0 
7fde34021000-7fde38000000 ---p 00000000 00:00 0 
7fde38000000-7fde38021000 rw-p 00000000 00:00 0 
7fde38021000-7fde3c000000 ---p 00000000 00:00 0 
7fde3c000000-7fde3c02c000 rw-p 00000000 00:00 0 
7fde3c02c000-7fde40000000 ---p 00000000 00:00 0 
7fde40000000-7fde40021000 rw-p 00000000 00:00 0 
7fde40021000-7fde44000000 ---p 00000000 00:00 0 
7fde44000000-7fde44021000 rw-p 00000000 00:00 0 
7fde44021000-7fde48000000 ---p 00000000 00:00 0 
7fde48000000-7fde48021000 rw-p 00000000 00:00 0 
7fde48021000-7fde4c000000 ---p 00000000 00:00 0 
7fde4c000000-7fde4d232000 rw-p 00000000 00:00 0 
7fde4d232000-7fde50000000 ---p 00000000 00:00 0 
7fde50000000-7fde50403000 rw-p 00000000 00:00 0 
7fde50403000-7fde54000000 ---p 00000000 00:00 0 
7fde54000000-7fde54021000 rw-p 00000000 00:00 0 
7fde54021000-7fde58000000 ---p 00000000 00:00 0 
7fde58000000-7fde58f4d000 rw-p 00000000 00:00 0 
7fde58f4d000-7fde5c000000 ---p 00000000 00:00 0 
7fde5c000000-7fde5c021000 rw-p 00000000 00:00 0 
7fde5c021000-7fde60000000 ---p 00000000 00:00 0 
7fde60000000-7fde60021000 rw-p 00000000 00:00 0 
7fde60021000-7fde64000000 ---p 00000000 00:00 0 
7fde64000000-7fde64021000 rw-p 00000000 00:00 0 
7fde64021000-7fde68000000 ---p 00000000 00:00 0 
7fde68000000-7fde6828f000 rw-p 00000000 00:00 0 
7fde6828f000-7fde6c000000 ---p 00000000 00:00 0 
7fde6c000000-7fde6c022000 rw-p 00000000 00:00 0 
7fde6c022000-7fde70000000 ---p 00000000 00:00 0 
7fde72ab2000-7fde72c72000 rw-p 00000000 00:00 0 
7fde72c72000-7fde72cb2000 ---p 00000000 00:00 0 
7fde72cb2000-7fde72cb5000 ---p 00000000 00:00 0 
7fde72cb5000-7fde72eeb000 rw-p 00000000 00:00 0                          [stack:30868]
7fde72eeb000-7fde730eb000 rw-p 00000000 00:00 0 
7fde730eb000-7fde732eb000 rw-p 00000000 00:00 0 
7fde732eb000-7fde73364000 r--s 010e3000 08:13 1067339                    /usr/lib/jvm/java-8-oracle/lib/tools.jar
7fde73367000-7fde7336a000 ---p 00000000 00:00 0 
7fde7336a000-7fde73668000 rw-p 00000000 00:00 0                          [stack:30866]
7fde73668000-7fde7366f000 r--s 00000000 08:13 1460902                    /usr/lib/x86_64-linux-gnu/gconv/gconv-modules.cache
7fde73672000-7fde73675000 ---p 00000000 00:00 0 
7fde73675000-7fde73773000 rw-p 00000000 00:00 0                          [stack:30863]
7fde73773000-7fde73776000 ---p 00000000 00:00 0 
7fde73776000-7fde73874000 rw-p 00000000 00:00 0                          [stack:30862]
7fde73874000-7fde73877000 ---p 00000000 00:00 0 
7fde73877000-7fde73975000 rw-p 00000000 00:00 0                          [stack:30861]
7fde73975000-7fde73978000 ---p 00000000 00:00 0 
7fde73978000-7fde73a76000 rw-p 00000000 00:00 0                          [stack:30860]
7fde73a76000-7fde73a79000 ---p 00000000 00:00 0 
7fde73a79000-7fde73b77000 rw-p 00000000 00:00 0                          [stack:30859]
7fde73b77000-7fde73b7b000 r--s 00097000 08:13 1067406                    /usr/lib/jvm/java-8-oracle/jre/lib/jsse.jar
7fde73b7b000-7fde73b7d000 r--s 00003000 08:13 1724278                    /home/anvi/.gradle/wrapper/dists/gradle-2.5-all/d3xh0kipe7wr2bvnx5sk0hao8/gradle-2.5/lib/plugins/gradle-tooling-api-builders-2.5.jar
7fde73b81000-7fde73b90000 r--s 00081000 08:13 1726913                    /home/anvi/.gradle/wrapper/dists/gradle-2.5-all/d3xh0kipe7wr2bvnx5sk0hao8/gradle-2.5/lib/plugins/joda-time-2.7.jar
7fde73b97000-7fde73ba8000 r--s 000cf000 08:13 1726421                    /home/anvi/.gradle/wrapper/dists/gradle-2.5-all/d3xh0kipe7wr2bvnx5sk0hao8/gradle-2.5/lib/plugins/jackson-databind-2.3.2.jar
7fde73baf000-7fde73bb1000 r--s 00007000 08:13 1726383                    /home/anvi/.gradle/wrapper/dists/gradle-2.5-all/d3xh0kipe7wr2bvnx5sk0hao8/gradle-2.5/lib/plugins/jackson-annotations-2.3.2.jar
7fde73bb6000-7fde73bb9000 r--s 0002e000 08:13 1726382                    /home/anvi/.gradle/wrapper/dists/gradle-2.5-all/d3xh0kipe7wr2bvnx5sk0hao8/gradle-2.5/lib/plugins/jackson-core-2.3.2.jar
7fde73bbb000-7fde73bc6000 r--s 0006b000 08:13 1726254                    /home/anvi/.gradle/wrapper/dists/gradle-2.5-all/d3xh0kipe7wr2bvnx5sk0hao8/gradle-2.5/lib/plugins/aws-java-sdk-core-1.9.19.jar
7fde73bc6000-7fde73bcc000 r--s 00036000 08:13 1726252                    /home/anvi/.gradle/wrapper/dists/gradle-2.5-all/d3xh0kipe7wr2bvnx5sk0hao8/gradle-2.5/lib/plugins/aws-java-sdk-kms-1.9.19.jar
7fde73bd1000-7fde73bdc000 r--s 00079000 08:13 1726199                    /home/anvi/.gradle/wrapper/dists/gradle-2.5-all/d3xh0kipe7wr2bvnx5sk0hao8/gradle-2.5/lib/plugins/aws-java-sdk-s3-1.9.19.jar
7fde73be3000-7fde73be4000 r--s 00003000 08:13 1724262                    /home/anvi/.gradle/wrapper/dists/gradle-2.5-all/d3xh0kipe7wr2bvnx5sk0hao8/gradle-2.5/lib/plugins/gradle-resources-s3-2.5.jar
7fde73beb000-7fde73bed000 r--s 00003000 08:13 1724292                    /home/anvi/.gradle/wrapper/dists/gradle-2.5-all/d3xh0kipe7wr2bvnx5sk0hao8/gradle-2.5/lib/plugins/gradle-resources-sftp-2.5.jar
7fde73bf1000-7fde73bf2000 r--s 00001000 08:13 1724324                    /home/anvi/.gradle/wrapper/dists/gradle-2.5-all/d3xh0kipe7wr2bvnx5sk0hao8/gradle-2.5/lib/plugins/gradle-plugin-development-2.5.jar
7fde73bf5000-7fde73bf7000 r--s 00005000 08:13 1724245                    /home/anvi/.gradle/wrapper/dists/gradle-2.5-all/d3xh0kipe7wr2bvnx5sk0hao8/gradle-2.5/lib/plugins/gradle-testing-native-2.5.jar
7fde73bfe000-7fde73c03000 r--s 00036000 08:13 1724246                    /home/anvi/.gradle/wrapper/dists/gradle-2.5-all/d3xh0kipe7wr2bvnx5sk0hao8/gradle-2.5/lib/plugins/gradle-ide-native-2.5.jar
7fde73c09000-7fde73c0f000 r--s 00019000 08:13 1724248                    /home/anvi/.gradle/wrapper/dists/gradle-2.5-all/d3xh0kipe7wr2bvnx5sk0hao8/gradle-2.5/lib/plugins/gradle-language-native-2.5.jar
7fde73c12000-7fde73c17000 r--s 00022000 08:13 1724261                    /home/anvi/.gradle/wrapper/dists/gradle-2.5-all/d3xh0kipe7wr2bvnx5sk0hao8/gradle-2.5/lib/plugins/gradle-platform-play-2.5.jar
7fde73c17000-7fde73c24000 r--s 00057000 08:13 1724231                    /home/anvi/.gradle/wrapper/dists/gradle-2.5-all/d3xh0kipe7wr2bvnx5sk0hao8/gradle-2.5/lib/plugins/gradle-platform-native-2.5.jar
7fde73c28000-7fde73c2b000 r--s 00008000 08:13 1724239                    /home/anvi/.gradle/wrapper/dists/gradle-2.5-all/d3xh0kipe7wr2bvnx5sk0hao8/gradle-2.5/lib/plugins/gradle-language-scala-2.5.jar
7fde73c31000-7fde73c33000 r--s 00009000 08:13 1724233                    /home/anvi/.gradle/wrapper/dists/gradle-2.5-all/d3xh0kipe7wr2bvnx5sk0hao8/gradle-2.5/lib/plugins/gradle-language-groovy-2.5.jar
7fde73c35000-7fde73c3c000 r--s 00025000 08:13 1724216                    /home/anvi/.gradle/wrapper/dists/gradle-2.5-all/d3xh0kipe7wr2bvnx5sk0hao8/gradle-2.5/lib/plugins/gradle-language-java-2.5.jar
7fde73c40000-7fde73c42000 r--s 00008000 08:13 1724204                    /home/anvi/.gradle/wrapper/dists/gradle-2.5-all/d3xh0kipe7wr2bvnx5sk0hao8/gradle-2.5/lib/plugins/gradle-language-jvm-2.5.jar
7fde73c49000-7fde73c4b000 r--s 00009000 08:13 1724210                    /home/anvi/.gradle/wrapper/dists/gradle-2.5-all/d3xh0kipe7wr2bvnx5sk0hao8/gradle-2.5/lib/plugins/gradle-platform-jvm-2.5.jar
7fde73c4e000-7fde73c55000 r--s 00026000 08:13 1724165                    /home/anvi/.gradle/wrapper/dists/gradle-2.5-all/d3xh0kipe7wr2bvnx5sk0hao8/gradle-2.5/lib/plugins/gradle-platform-base-2.5.jar
7fde73c55000-7fde73c59000 r--s 00025000 08:13 1724191                    /home/anvi/.gradle/wrapper/dists/gradle-2.5-all/d3xh0kipe7wr2bvnx5sk0hao8/gradle-2.5/lib/plugins/gradle-build-init-2.5.jar
7fde73c5c000-7fde73c5f000 r--s 0001c000 08:13 1724194                    /home/anvi/.gradle/wrapper/dists/gradle-2.5-all/d3xh0kipe7wr2bvnx5sk0hao8/gradle-2.5/lib/plugins/gradle-jacoco-2.5.jar
7fde73c66000-7fde73c69000 r--s 0000e000 08:13 1724139                    /home/anvi/.gradle/wrapper/dists/gradle-2.5-all/d3xh0kipe7wr2bvnx5sk0hao8/gradle-2.5/lib/plugins/gradle-ivy-2.5.jar
7fde73c6a000-7fde73c6c000 r--s 00002000 08:13 1724144                    /home/anvi/.gradle/wrapper/dists/gradle-2.5-all/d3xh0kipe7wr2bvnx5sk0hao8/gradle-2.5/lib/plugins/gradle-publish-2.5.jar
7fde73c6d000-7fde73c6f000 r--s 00005000 08:13 1725025                    /home/anvi/.gradle/wrapper/dists/gradle-2.5-all/d3xh0kipe7wr2bvnx5sk0hao8/gradle-2.5/lib/plugins/jatl-0.2.2.jar
7fde73c6f000-7fde73c71000 r--s 0000f000 08:13 1724135                    /home/anvi/.gradle/wrapper/dists/gradle-2.5-all/d3xh0kipe7wr2bvnx5sk0hao8/gradle-2.5/lib/plugins/gradle-reporting-2.5.jar
7fde73c76000-7fde73c7c000 r--s 00036000 08:13 1724133                    /home/anvi/.gradle/wrapper/dists/gradle-2.5-all/d3xh0kipe7wr2bvnx5sk0hao8/gradle-2.5/lib/plugins/gradle-diagnostics-2.5.jar
7fde73c7c000-7fde73c83000 r--s 00094000 08:13 1724127                    /home/anvi/.gradle/wrapper/dists/gradle-2.5-all/d3xh0kipe7wr2bvnx5sk0hao8/gradle-2.5/lib/plugins/gradle-build-comparison-2.5.jar
7fde73c85000-7fde73c8c000 r--s 00035000 08:13 1725694                    /home/anvi/.gradle/wrapper/dists/gradle-2.5-all/d3xh0kipe7wr2bvnx5sk0hao8/gradle-2.5/lib/plugins/simple-4.1.21.jar
7fde73c90000-7fde73c9c000 r--s 00100000 08:13 1725662                    /home/anvi/.gradle/wrapper/dists/gradle-2.5-all/d3xh0kipe7wr2bvnx5sk0hao8/gradle-2.5/lib/plugins/rhino-1.7R3.jar
7fde73c9f000-7fde73ca3000 r--s 0001f000 08:13 1724126                    /home/anvi/.gradle/wrapper/dists/gradle-2.5-all/d3xh0kipe7wr2bvnx5sk0hao8/gradle-2.5/lib/plugins/gradle-javascript-2.5.jar
7fde73ca6000-7fde73ca8000 r--s 0000e000 08:13 1724123                    /home/anvi/.gradle/wrapper/dists/gradle-2.5-all/d3xh0kipe7wr2bvnx5sk0hao8/gradle-2.5/lib/plugins/gradle-ear-2.5.jar
7fde73ca8000-7fde73caf000 r--s 00038000 08:13 1725146                    /home/anvi/.gradle/wrapper/dists/gradle-2.5-all/d3xh0kipe7wr2bvnx5sk0hao8/gradle-2.5/lib/plugins/bcpg-jdk15on-1.51.jar
7fde73cb5000-7fde73cb7000 r--s 0001d000 08:13 1724122                    /home/anvi/.gradle/wrapper/dists/gradle-2.5-all/d3xh0kipe7wr2bvnx5sk0hao8/gradle-2.5/lib/plugins/gradle-signing-2.5.jar
7fde73cba000-7fde73cbb000 r--s 00002000 08:13 1725028                    /home/anvi/.gradle/wrapper/dists/gradle-2.5-all/d3xh0kipe7wr2bvnx5sk0hao8/gradle-2.5/lib/plugins/sonar-batch-bootstrapper-2.9.jar
7fde73cc1000-7fde73cc4000 r--s 00019000 08:13 1724124                    /home/anvi/.gradle/wrapper/dists/gradle-2.5-all/d3xh0kipe7wr2bvnx5sk0hao8/gradle-2.5/lib/plugins/gradle-sonar-2.5.jar
7fde73ccb000-7fde73ccd000 r--s 00013000 08:13 1724113                    /home/anvi/.gradle/wrapper/dists/gradle-2.5-all/d3xh0kipe7wr2bvnx5sk0hao8/gradle-2.5/lib/plugins/gradle-scala-2.5.jar
7fde73cce000-7fde73ccf000 r--s 0000e000 08:13 1724118                    /home/anvi/.gradle/wrapper/dists/gradle-2.5-all/d3xh0kipe7wr2bvnx5sk0hao8/gradle-2.5/lib/plugins/gradle-announce-2.5.jar
7fde73cd3000-7fde73ce0000 r--s 000bb000 08:13 1724111                    /home/anvi/.gradle/wrapper/dists/gradle-2.5-all/d3xh0kipe7wr2bvnx5sk0hao8/gradle-2.5/lib/plugins/gradle-ide-2.5.jar
7fde73ce4000-7fde73ce7000 r--s 0000c000 08:13 1724759                    /home/anvi/.gradle/wrapper/dists/gradle-2.5-all/d3xh0kipe7wr2bvnx5sk0hao8/gradle-2.5/lib/plugins/pmaven-groovy-0.8-20100325.jar
7fde73cec000-7fde73ced000 r--s 00004000 08:13 1724716                    /home/anvi/.gradle/wrapper/dists/gradle-2.5-all/d3xh0kipe7wr2bvnx5sk0hao8/gradle-2.5/lib/plugins/pmaven-common-0.8-20100325.jar
7fde73cf2000-7fde73cf8000 r--s 00022000 08:13 1724099                    /home/anvi/.gradle/wrapper/dists/gradle-2.5-all/d3xh0kipe7wr2bvnx5sk0hao8/gradle-2.5/lib/plugins/gradle-maven-2.5.jar
7fde73cfb000-7fde73d13000 r--s 0013b000 08:13 1725003                    /home/anvi/.gradle/wrapper/dists/gradle-2.5-all/d3xh0kipe7wr2bvnx5sk0hao8/gradle-2.5/lib/plugins/bndlib-2.1.0.jar
7fde73d14000-7fde73d16000 r--s 00004000 08:13 1724083                    /home/anvi/.gradle/wrapper/dists/gradle-2.5-all/d3xh0kipe7wr2bvnx5sk0hao8/gradle-2.5/lib/plugins/gradle-osgi-2.5.jar
7fde73d17000-7fde73d19000 r--s 00007000 08:13 1724063                    /home/anvi/.gradle/wrapper/dists/gradle-2.5-all/d3xh0kipe7wr2bvnx5sk0hao8/gradle-2.5/lib/plugins/gradle-antlr-2.5.jar
7fde73d1e000-7fde73d21000 r--s 0001e000 08:13 1727561                    /home/anvi/.gradle/wrapper/dists/gradle-2.5-all/d3xh0kipe7wr2bvnx5sk0hao8/gradle-2.5/lib/plugins/jsp-api-2.1-6.1.14.jar
7fde73d24000-7fde73d47000 r--s 00344000 08:13 1727633                    /home/anvi/.gradle/wrapper/dists/gradle-2.5-all/d3xh0kipe7wr2bvnx5sk0hao8/gradle-2.5/lib/plugins/core-3.1.1.jar
7fde73d4e000-7fde73d4f000 r--s 00006000 08:13 1727643                    /home/anvi/.gradle/wrapper/dists/gradle-2.5-all/d3xh0kipe7wr2bvnx5sk0hao8/gradle-2.5/lib/plugins/jetty-naming-6.1.25.jar
7fde73d52000-7fde73d53000 r--s 00002000 08:13 1724489                    /home/anvi/.gradle/wrapper/dists/gradle-2.5-all/d3xh0kipe7wr2bvnx5sk0hao8/gradle-2.5/lib/plugins/geronimo-annotation_1.0_spec-1.0.jar
7fde73d5a000-7fde73d5c000 r--s 00002000 08:13 1724522                    /home/anvi/.gradle/wrapper/dists/gradle-2.5-all/d3xh0kipe7wr2bvnx5sk0hao8/gradle-2.5/lib/plugins/jetty-annotations-6.1.25.jar
7fde73d62000-7fde73d73000 r--s 000ea000 08:13 1724536                    /home/anvi/.gradle/wrapper/dists/gradle-2.5-all/d3xh0kipe7wr2bvnx5sk0hao8/gradle-2.5/lib/plugins/jsp-2.1-6.1.14.jar
7fde73d75000-7fde73d77000 r--s 0000d000 08:13 1724549                    /home/anvi/.gradle/wrapper/dists/gradle-2.5-all/d3xh0kipe7wr2bvnx5sk0hao8/gradle-2.5/lib/plugins/jetty-plus-6.1.25.jar
7fde73d77000-7fde73d79000 r--s 0001f000 08:13 1724596                    /home/anvi/.gradle/wrapper/dists/gradle-2.5-all/d3xh0kipe7wr2bvnx5sk0hao8/gradle-2.5/lib/plugins/servlet-api-2.5-20081211.jar
7fde73d80000-7fde73d84000 r--s 00028000 08:13 1724615                    /home/anvi/.gradle/wrapper/dists/gradle-2.5-all/d3xh0kipe7wr2bvnx5sk0hao8/gradle-2.5/lib/plugins/jetty-util-6.1.25.jar
7fde73d85000-7fde73d8c000 r--s 0007d000 08:13 1724484                    /home/anvi/.gradle/wrapper/dists/gradle-2.5-all/d3xh0kipe7wr2bvnx5sk0hao8/gradle-2.5/lib/plugins/jetty-6.1.25.jar
7fde73d91000-7fde73d93000 r--s 00009000 08:13 1724068                    /home/anvi/.gradle/wrapper/dists/gradle-2.5-all/d3xh0kipe7wr2bvnx5sk0hao8/gradle-2.5/lib/plugins/gradle-jetty-2.5.jar
7fde73d99000-7fde73d9f000 r--s 00041000 08:13 1724056                    /home/anvi/.gradle/wrapper/dists/gradle-2.5-all/d3xh0kipe7wr2bvnx5sk0hao8/gradle-2.5/lib/plugins/gradle-code-quality-2.5.jar
7fde73da1000-7fde73da3000 r--s 00009000 08:13 1728443                    /home/anvi/.gradle/wrapper/dists/gradle-2.5-all/d3xh0kipe7wr2bvnx5sk0hao8/gradle-2.5/lib/plugins/hamcrest-core-1.3.jar
7fde73da3000-7fde73da9000 r--s 00033000 08:13 1727787                    /home/anvi/.gradle/wrapper/dists/gradle-2.5-all/d3xh0kipe7wr2bvnx5sk0hao8/gradle-2.5/lib/plugins/snakeyaml-1.6.jar
7fde73dae000-7fde73db0000 r--s 00006000 08:13 1728087                    /home/anvi/.gradle/wrapper/dists/gradle-2.5-all/d3xh0kipe7wr2bvnx5sk0hao8/gradle-2.5/lib/plugins/jcommander-1.12.jar
7fde73db0000-7fde73db5000 r--s 00040000 08:13 1728112                    /home/anvi/.gradle/wrapper/dists/gradle-2.5-all/d3xh0kipe7wr2bvnx5sk0hao8/gradle-2.5/lib/plugins/bsh-2.0b4.jar
7fde73db9000-7fde73dbb000 r--s 00009000 08:13 1724456                    /home/anvi/.gradle/wrapper/dists/gradle-2.5-all/d3xh0kipe7wr2bvnx5sk0hao8/gradle-2.5/lib/plugins/commons-cli-1.2.jar
7fde73dc1000-7fde73dca000 r--s 00089000 08:13 1724432                    /home/anvi/.gradle/wrapper/dists/gradle-2.5-all/d3xh0kipe7wr2bvnx5sk0hao8/gradle-2.5/lib/plugins/testng-6.3.1.jar
7fde73dcd000-7fde73dd5000 r--s 00045000 08:13 1724408                    /home/anvi/.gradle/wrapper/dists/gradle-2.5-all/d3xh0kipe7wr2bvnx5sk0hao8/gradle-2.5/lib/plugins/junit-4.12.jar
7fde73ddb000-7fde73de7000 r--s 0007b000 08:13 1724055                    /home/anvi/.gradle/wrapper/dists/gradle-2.5-all/d3xh0kipe7wr2bvnx5sk0hao8/gradle-2.5/lib/plugins/gradle-plugins-2.5.jar
7fde73de8000-7fde73dfe000 r-xp 00000000 08:13 1857301                    /lib/x86_64-linux-gnu/libgcc_s.so.1
7fde73dfe000-7fde73ffd000 ---p 00016000 08:13 1857301                    /lib/x86_64-linux-gnu/libgcc_s.so.1
7fde73ffd000-7fde73ffe000 rw-p 00015000 08:13 1857301                    /lib/x86_64-linux-gnu/libgcc_s.so.1
7fde74000000-7fde74021000 rw-p 00000000 00:00 0 
7fde74021000-7fde78000000 ---p 00000000 00:00 0 
7fde78005000-7fde7801d000 r--s 00115000 08:13 1728132                    /home/anvi/.gradle/wrapper/dists/gradle-2.5-all/d3xh0kipe7wr2bvnx5sk0hao8/gradle-2.5/lib/plugins/xercesImpl-2.9.1.jar
7fde78020000-7fde78028000 r--s 00028000 08:13 1728222                    /home/anvi/.gradle/wrapper/dists/gradle-2.5-all/d3xh0kipe7wr2bvnx5sk0hao8/gradle-2.5/lib/plugins/xml-apis-1.3.04.jar
7fde7802b000-7fde78031000 r--s 0005b000 08:13 1728213                    /home/anvi/.gradle/wrapper/dists/gradle-2.5-all/d3xh0kipe7wr2bvnx5sk0hao8/gradle-2.5/lib/plugins/jcifs-1.3.17.jar
7fde78031000-7fde78037000 r--s 00031000 08:13 1728396                    /home/anvi/.gradle/wrapper/dists/gradle-2.5-all/d3xh0kipe7wr2bvnx5sk0hao8/gradle-2.5/lib/plugins/httpcore-4.2.2.jar
7fde7803b000-7fde78041000 r--s 00033000 08:13 1728375                    /home/anvi/.gradle/wrapper/dists/gradle-2.5-all/d3xh0kipe7wr2bvnx5sk0hao8/gradle-2.5/lib/plugins/commons-codec-1.6.jar
7fde78044000-7fde78047000 r--s 0001c000 08:13 1725930                    /home/anvi/.gradle/wrapper/dists/gradle-2.5-all/d3xh0kipe7wr2bvnx5sk0hao8/gradle-2.5/lib/plugins/nekohtml-1.9.14.jar
7fde78048000-7fde78051000 r--s 00060000 08:13 1725743                    /home/anvi/.gradle/wrapper/dists/gradle-2.5-all/d3xh0kipe7wr2bvnx5sk0hao8/gradle-2.5/lib/plugins/httpclient-4.2.2.jar
7fde78057000-7fde7805a000 r--s 00007000 08:13 1724296                    /home/anvi/.gradle/wrapper/dists/gradle-2.5-all/d3xh0kipe7wr2bvnx5sk0hao8/gradle-2.5/lib/plugins/gradle-resources-http-2.5.jar
7fde78060000-7fde78063000 r--s 00010000 08:13 1724379                    /home/anvi/.gradle/wrapper/dists/gradle-2.5-all/d3xh0kipe7wr2bvnx5sk0hao8/gradle-2.5/lib/plugins/gradle-plugin-use-2.5.jar
7fde78067000-7fde78068000 r--s 00007000 08:13 1728337                    /home/anvi/.gradle/wrapper/dists/gradle-2.5-all/d3xh0kipe7wr2bvnx5sk0hao8/gradle-2.5/lib/plugins/wagon-http-shared4-2.4.jar
7fde7806b000-7fde7806f000 r--s 00033000 08:13 1728439                    /home/anvi/.gradle/wrapper/dists/gradle-2.5-all/d3xh0kipe7wr2bvnx5sk0hao8/gradle-2.5/lib/plugins/plexus-utils-2.0.6.jar
7fde78071000-7fde78075000 r--s 00021000 08:13 1728420                    /home/anvi/.gradle/wrapper/dists/gradle-2.5-all/d3xh0kipe7wr2bvnx5sk0hao8/gradle-2.5/lib/plugins/maven-model-builder-3.0.4.jar
7fde7807a000-7fde7807b000 r--s 00002000 08:13 1728408                    /home/anvi/.gradle/wrapper/dists/gradle-2.5-all/d3xh0kipe7wr2bvnx5sk0hao8/gradle-2.5/lib/plugins/wagon-file-2.4.jar
7fde78082000-7fde78084000 r--s 00002000 08:13 1728402                    /home/anvi/.gradle/wrapper/dists/gradle-2.5-all/d3xh0kipe7wr2bvnx5sk0hao8/gradle-2.5/lib/plugins/plexus-cipher-1.7.jar
7fde7808b000-7fde7808e000 r--s 00013000 08:13 1728281                    /home/anvi/.gradle/wrapper/dists/gradle-2.5-all/d3xh0kipe7wr2bvnx5sk0hao8/gradle-2.5/lib/plugins/aether-api-1.13.1.jar
7fde78092000-7fde78094000 r--s 0000a000 08:13 1728275                    /home/anvi/.gradle/wrapper/dists/gradle-2.5-all/d3xh0kipe7wr2bvnx5sk0hao8/gradle-2.5/lib/plugins/maven-settings-3.0.4.jar
7fde78095000-7fde78097000 r--s 0000d000 08:13 1728269                    /home/anvi/.gradle/wrapper/dists/gradle-2.5-all/d3xh0kipe7wr2bvnx5sk0hao8/gradle-2.5/lib/plugins/plexus-interpolation-1.14.jar
7fde7809b000-7fde7809d000 r--s 0000b000 08:13 1728246                    /home/anvi/.gradle/wrapper/dists/gradle-2.5-all/d3xh0kipe7wr2bvnx5sk0hao8/gradle-2.5/lib/plugins/maven-artifact-3.0.4.jar
7fde7809e000-7fde780a5000 r--s 0002e000 08:13 1728316                    /home/anvi/.gradle/wrapper/dists/gradle-2.5-all/d3xh0kipe7wr2bvnx5sk0hao8/gradle-2.5/lib/plugins/plexus-container-default-1.5.5.jar
7fde780ab000-7fde780ad000 r--s 0000b000 08:13 1728313                    /home/anvi/.gradle/wrapper/dists/gradle-2.5-all/d3xh0kipe7wr2bvnx5sk0hao8/gradle-2.5/lib/plugins/maven-plugin-api-3.0.4.jar
7fde780b0000-7fde780b2000 r--s 00000000 08:13 1728440                    /home/anvi/.gradle/wrapper/dists/gradle-2.5-all/d3xh0kipe7wr2bvnx5sk0hao8/gradle-2.5/lib/plugins/plexus-component-annotations-1.5.5.jar
7fde780b7000-7fde780bd000 r--s 0003f000 08:13 1728311                    /home/anvi/.gradle/wrapper/dists/gradle-2.5-all/d3xh0kipe7wr2bvnx5sk0hao8/gradle-2.5/lib/plugins/maven-compat-3.0.4.jar
7fde780c0000-7fde780c3000 r--s 00008000 08:13 1728296                    /home/anvi/.gradle/wrapper/dists/gradle-2.5-all/d3xh0kipe7wr2bvnx5sk0hao8/gradle-2.5/lib/plugins/maven-settings-builder-3.0.4.jar
7fde780ca000-7fde780cb000 r--s 00002000 08:13 1727845                    /home/anvi/.gradle/wrapper/dists/gradle-2.5-all/d3xh0kipe7wr2bvnx5sk0hao8/gradle-2.5/lib/plugins/wagon-http-2.4.jar
7fde780ce000-7fde780d0000 r--s 00026000 08:13 1727892                    /home/anvi/.gradle/wrapper/dists/gradle-2.5-all/d3xh0kipe7wr2bvnx5sk0hao8/gradle-2.5/lib/plugins/maven-model-3.0.4.jar
7fde780d6000-7fde780d8000 r--s 00006000 08:13 1727902                    /home/anvi/.gradle/wrapper/dists/gradle-2.5-all/d3xh0kipe7wr2bvnx5sk0hao8/gradle-2.5/lib/plugins/aether-connector-wagon-1.13.1.jar
7fde780da000-7fde780dc000 r--s 0000a000 08:13 1727921                    /home/anvi/.gradle/wrapper/dists/gradle-2.5-all/d3xh0kipe7wr2bvnx5sk0hao8/gradle-2.5/lib/plugins/plexus-classworlds-2.4.jar
7fde780de000-7fde780e0000 r--s 00006000 08:13 1727934                    /home/anvi/.gradle/wrapper/dists/gradle-2.5-all/d3xh0kipe7wr2bvnx5sk0hao8/gradle-2.5/lib/plugins/maven-repository-metadata-3.0.4.jar
7fde780e4000-7fde780e6000 r--s 0000c000 08:13 1727935                    /home/anvi/.gradle/wrapper/dists/gradle-2.5-all/d3xh0kipe7wr2bvnx5sk0hao8/gradle-2.5/lib/plugins/maven-aether-provider-3.0.4.jar
7fde780eb000-7fde780ed000 r--s 0000b000 08:13 1727997                    /home/anvi/.gradle/wrapper/dists/gradle-2.5-all/d3xh0kipe7wr2bvnx5sk0hao8/gradle-2.5/lib/plugins/wagon-provider-api-2.4.jar
7fde780f3000-7fde780f4000 r--s 00003000 08:13 1727998                    /home/anvi/.gradle/wrapper/dists/gradle-2.5-all/d3xh0kipe7wr2bvnx5sk0hao8/gradle-2.5/lib/plugins/aether-spi-1.13.1.jar
7fde780f4000-7fde780f8000 r--s 0001c000 08:13 1727417                    /home/anvi/.gradle/wrapper/dists/gradle-2.5-all/d3xh0kipe7wr2bvnx5sk0hao8/gradle-2.5/lib/plugins/aether-util-1.13.1.jar
7fde780fd000-7fde78100000 r--s 0001d000 08:13 1727420                    /home/anvi/.gradle/wrapper/dists/gradle-2.5-all/d3xh0kipe7wr2bvnx5sk0hao8/gradle-2.5/lib/plugins/aether-impl-1.13.1.jar
7fde78106000-7fde78107000 r--s 00006000 08:13 1727502                    /home/anvi/.gradle/wrapper/dists/gradle-2.5-all/d3xh0kipe7wr2bvnx5sk0hao8/gradle-2.5/lib/plugins/plexus-sec-dispatcher-1.3.jar
7fde7810d000-7fde78111000 r--s 0003d000 08:13 1726058                    /home/anvi/.gradle/wrapper/dists/gradle-2.5-all/d3xh0kipe7wr2bvnx5sk0hao8/gradle-2.5/lib/plugins/jsch-0.1.51.jar
7fde78117000-7fde78157000 r--s 00277000 08:13 1725733                    /home/anvi/.gradle/wrapper/dists/gradle-2.5-all/d3xh0kipe7wr2bvnx5sk0hao8/gradle-2.5/lib/plugins/bcprov-jdk15on-1.51.jar
7fde7815d000-7fde78161000 r--s 0001d000 08:13 1727142                    /home/anvi/.gradle/wrapper/dists/gradle-2.5-all/d3xh0kipe7wr2bvnx5sk0hao8/gradle-2.5/lib/plugins/xbean-reflect-3.4.jar
7fde78165000-7fde78171000 r--s 0007d000 08:13 1724767                    /home/anvi/.gradle/wrapper/dists/gradle-2.5-all/d3xh0kipe7wr2bvnx5sk0hao8/gradle-2.5/lib/plugins/maven-core-3.0.4.jar
7fde78171000-7fde78180000 r--s 000d9000 08:13 1727137                    /home/anvi/.gradle/wrapper/dists/gradle-2.5-all/d3xh0kipe7wr2bvnx5sk0hao8/gradle-2.5/lib/plugins/ivy-2.2.0.jar
7fde78180000-7fde78266000 r-xp 00000000 08:13 1048996                    /usr/lib/x86_64-linux-gnu/libstdc++.so.6.0.19
7fde78266000-7fde78465000 ---p 000e6000 08:13 1048996                    /usr/lib/x86_64-linux-gnu/libstdc++.so.6.0.19
7fde78465000-7fde7846d000 r--p 000e5000 08:13 1048996                    /usr/lib/x86_64-linux-gnu/libstdc++.so.6.0.19
7fde7846d000-7fde7846f000 rw-p 000ed000 08:13 1048996                    /usr/lib/x86_64-linux-gnu/libstdc++.so.6.0.19
7fde7846f000-7fde78484000 rw-p 00000000 00:00 0 
7fde7848a000-7fde7848f000 r--s 0002a000 08:13 1725107                    /home/anvi/.gradle/wrapper/dists/gradle-2.5-all/d3xh0kipe7wr2bvnx5sk0hao8/gradle-2.5/lib/plugins/gson-2.2.4.jar
7fde78490000-7fde784ab000 r--s 000c8000 08:13 1724398                    /home/anvi/.gradle/wrapper/dists/gradle-2.5-all/d3xh0kipe7wr2bvnx5sk0hao8/gradle-2.5/lib/plugins/gradle-dependency-management-2.5.jar
7fde784b0000-7fde784b4000 r-xp 00000000 08:13 1729032                    /home/anvi/.gradle/native/19/linux-amd64/libnative-platform.so
7fde784b4000-7fde786b3000 ---p 00004000 08:13 1729032                    /home/anvi/.gradle/native/19/linux-amd64/libnative-platform.so
7fde786b3000-7fde786b4000 rw-p 00003000 08:13 1729032                    /home/anvi/.gradle/native/19/linux-amd64/libnative-platform.so
7fde786b8000-7fde786c9000 r-xp 00000000 08:13 1192935                    /usr/lib/jvm/java-8-oracle/jre/lib/amd64/libnio.so
7fde786c9000-7fde788c8000 ---p 00011000 08:13 1192935                    /usr/lib/jvm/java-8-oracle/jre/lib/amd64/libnio.so
7fde788c8000-7fde788c9000 rw-p 00010000 08:13 1192935                    /usr/lib/jvm/java-8-oracle/jre/lib/amd64/libnio.so
7fde788d0000-7fde788e6000 r-xp 00000000 08:13 1192899                    /usr/lib/jvm/java-8-oracle/jre/lib/amd64/libnet.so
7fde788e6000-7fde78ae6000 ---p 00016000 08:13 1192899                    /usr/lib/jvm/java-8-oracle/jre/lib/amd64/libnet.so
7fde78ae6000-7fde78ae7000 rw-p 00016000 08:13 1192899                    /usr/lib/jvm/java-8-oracle/jre/lib/amd64/libnet.so
7fde78aed000-7fde78aef000 r--s 00005000 08:13 1722674                    /home/anvi/.gradle/wrapper/dists/gradle-2.5-all/d3xh0kipe7wr2bvnx5sk0hao8/gradle-2.5/lib/gradle-wrapper-2.5.jar
7fde78af6000-7fde78b01000 r--s 00036000 08:13 1722806                    /home/anvi/.gradle/wrapper/dists/gradle-2.5-all/d3xh0kipe7wr2bvnx5sk0hao8/gradle-2.5/lib/gradle-tooling-api-2.5.jar
7fde78b02000-7fde78b04000 r--s 00002000 08:13 1723813                    /home/anvi/.gradle/wrapper/dists/gradle-2.5-all/d3xh0kipe7wr2bvnx5sk0hao8/gradle-2.5/lib/gradle-open-api-2.5.jar
7fde78b0a000-7fde78b10000 r--s 00032000 08:13 1723900                    /home/anvi/.gradle/wrapper/dists/gradle-2.5-all/d3xh0kipe7wr2bvnx5sk0hao8/gradle-2.5/lib/jaxen-1.1.jar
7fde78b10000-7fde78b15000 r--s 00048000 08:13 1723924                    /home/anvi/.gradle/wrapper/dists/gradle-2.5-all/d3xh0kipe7wr2bvnx5sk0hao8/gradle-2.5/lib/dom4j-1.6.1.jar
7fde78b19000-7fde78b24000 r--s 00059000 08:13 1722863                    /home/anvi/.gradle/wrapper/dists/gradle-2.5-all/d3xh0kipe7wr2bvnx5sk0hao8/gradle-2.5/lib/gradle-ui-2.5.jar
7fde78b28000-7fde78b2a000 r--s 00008000 08:13 1723827                    /home/anvi/.gradle/wrapper/dists/gradle-2.5-all/d3xh0kipe7wr2bvnx5sk0hao8/gradle-2.5/lib/gradle-resources-2.5.jar
7fde78b2f000-7fde78b31000 r--s 00007000 08:13 1724023                    /home/anvi/.gradle/wrapper/dists/gradle-2.5-all/d3xh0kipe7wr2bvnx5sk0hao8/gradle-2.5/lib/objenesis-1.2.jar
7fde78b38000-7fde78b3a000 r--s 00000000 08:13 1724025                    /home/anvi/.gradle/wrapper/dists/gradle-2.5-all/d3xh0kipe7wr2bvnx5sk0hao8/gradle-2.5/lib/minlog-1.2.jar
7fde78b3f000-7fde78b41000 r--s 0000f000 08:13 1724046                    /home/anvi/.gradle/wrapper/dists/gradle-2.5-all/d3xh0kipe7wr2bvnx5sk0hao8/gradle-2.5/lib/reflectasm-1.07-shaded.jar
7fde78b46000-7fde78b4a000 r--s 00026000 08:13 1723949                    /home/anvi/.gradle/wrapper/dists/gradle-2.5-all/d3xh0kipe7wr2bvnx5sk0hao8/gradle-2.5/lib/kryo-2.20.jar
7fde78b4c000-7fde78b55000 r--s 0003c000 08:13 1723717                    /home/anvi/.gradle/wrapper/dists/gradle-2.5-all/d3xh0kipe7wr2bvnx5sk0hao8/gradle-2.5/lib/gradle-messaging-2.5.jar
7fde78b5b000-7fde78b5c000 r--s 00003000 08:13 1723967                    /home/anvi/.gradle/wrapper/dists/gradle-2.5-all/d3xh0kipe7wr2bvnx5sk0hao8/gradle-2.5/lib/native-platform-freebsd-amd64-0.10.jar
7fde78b63000-7fde78b64000 r--s 00003000 08:13 1723969                    /home/anvi/.gradle/wrapper/dists/gradle-2.5-all/d3xh0kipe7wr2bvnx5sk0hao8/gradle-2.5/lib/native-platform-freebsd-i386-0.10.jar
7fde78b65000-7fde78b66000 r--s 00005000 08:13 1724014                    /home/anvi/.gradle/wrapper/dists/gradle-2.5-all/d3xh0kipe7wr2bvnx5sk0hao8/gradle-2.5/lib/native-platform-windows-i386-0.10.jar
7fde78b6d000-7fde78b6e000 r--s 00005000 08:13 1723951                    /home/anvi/.gradle/wrapper/dists/gradle-2.5-all/d3xh0kipe7wr2bvnx5sk0hao8/gradle-2.5/lib/native-platform-windows-amd64-0.10.jar
7fde78b73000-7fde78b74000 r--s 00003000 08:13 1723960                    /home/anvi/.gradle/wrapper/dists/gradle-2.5-all/d3xh0kipe7wr2bvnx5sk0hao8/gradle-2.5/lib/native-platform-linux-i386-0.10.jar
7fde78b7b000-7fde78b7c000 r--s 00003000 08:13 1723932                    /home/anvi/.gradle/wrapper/dists/gradle-2.5-all/d3xh0kipe7wr2bvnx5sk0hao8/gradle-2.5/lib/native-platform-linux-amd64-0.10.jar
7fde78b82000-7fde78b83000 r--s 00002000 08:13 1723926                    /home/anvi/.gradle/wrapper/dists/gradle-2.5-all/d3xh0kipe7wr2bvnx5sk0hao8/gradle-2.5/lib/native-platform-osx-amd64-0.10.jar
7fde78b8a000-7fde78b8b000 r--s 00002000 08:13 1723941                    /home/anvi/.gradle/wrapper/dists/gradle-2.5-all/d3xh0kipe7wr2bvnx5sk0hao8/gradle-2.5/lib/native-platform-osx-i386-0.10.jar
7fde78b90000-7fde78b92000 r--s 00008000 08:13 1723887                    /home/anvi/.gradle/wrapper/dists/gradle-2.5-all/d3xh0kipe7wr2bvnx5sk0hao8/gradle-2.5/lib/jansi-1.2.1.jar
7fde78b95000-7fde78b98000 r--s 0000d000 08:13 1723832                    /home/anvi/.gradle/wrapper/dists/gradle-2.5-all/d3xh0kipe7wr2bvnx5sk0hao8/gradle-2.5/lib/native-platform-0.10.jar
7fde78b9c000-7fde78ba0000 r--s 000e4000 08:13 1723842                    /home/anvi/.gradle/wrapper/dists/gradle-2.5-all/d3xh0kipe7wr2bvnx5sk0hao8/gradle-2.5/lib/jna-3.2.7.jar
7fde78ba0000-7fde78ba2000 r--s 00008000 08:13 1722866                    /home/anvi/.gradle/wrapper/dists/gradle-2.5-all/d3xh0kipe7wr2bvnx5sk0hao8/gradle-2.5/lib/gradle-native-2.5.jar
7fde78ba5000-7fde78ba7000 r--s 00005000 08:13 1722780                    /home/anvi/.gradle/wrapper/dists/gradle-2.5-all/d3xh0kipe7wr2bvnx5sk0hao8/gradle-2.5/lib/gradle-cli-2.5.jar
7fde78bae000-7fde78bb0000 r--s 00006000 08:13 1723413                    /home/anvi/.gradle/wrapper/dists/gradle-2.5-all/d3xh0kipe7wr2bvnx5sk0hao8/gradle-2.5/lib/gradle-model-groovy-2.5.jar
7fde78bb6000-7fde78bb7000 r--s 00006000 08:13 1723749                    /home/anvi/.gradle/wrapper/dists/gradle-2.5-all/d3xh0kipe7wr2bvnx5sk0hao8/gradle-2.5/lib/gradle-base-services-groovy-2.5.jar
7fde78bb8000-7fde78bc1000 r--s 00050000 08:13 1723544                    /home/anvi/.gradle/wrapper/dists/gradle-2.5-all/d3xh0kipe7wr2bvnx5sk0hao8/gradle-2.5/lib/gradle-model-core-2.5.jar
7fde78bc8000-7fde78bc9000 r--s 00000000 08:13 1723787                    /home/anvi/.gradle/wrapper/dists/gradle-2.5-all/d3xh0kipe7wr2bvnx5sk0hao8/gradle-2.5/lib/gradle-docs-2.5.jar
7fde78bcb000-7fde78bcd000 r--s 00003000 08:13 1723808                    /home/anvi/.gradle/wrapper/dists/gradle-2.5-all/d3xh0kipe7wr2bvnx5sk0hao8/gradle-2.5/lib/jcl-over-slf4j-1.7.10.jar
7fde78bcd000-7fde78bce000 r--s 00005000 08:13 1723802                    /home/anvi/.gradle/wrapper/dists/gradle-2.5-all/d3xh0kipe7wr2bvnx5sk0hao8/gradle-2.5/lib/log4j-over-slf4j-1.7.10.jar
7fde78bd0000-7fde78bd1000 r--s 00000000 08:13 1723748                    /home/anvi/.gradle/wrapper/dists/gradle-2.5-all/d3xh0kipe7wr2bvnx5sk0hao8/gradle-2.5/lib/javax.inject-1.jar
7fde78bd3000-7fde78bd6000 r--s 0001b000 08:13 1723736                    /home/anvi/.gradle/wrapper/dists/gradle-2.5-all/d3xh0kipe7wr2bvnx5sk0hao8/gradle-2.5/lib/jarjar-1.3.jar
7fde78bd8000-7fde78bda000 r--s 00000000 08:13 1723656                    /home/anvi/.gradle/wrapper/dists/gradle-2.5-all/d3xh0kipe7wr2bvnx5sk0hao8/gradle-2.5/lib/jul-to-slf4j-1.7.10.jar
7fde78bdf000-7fde78bed000 r--s 0007f000 08:13 1723552                    /home/anvi/.gradle/wrapper/dists/gradle-2.5-all/d3xh0kipe7wr2bvnx5sk0hao8/gradle-2.5/lib/commons-collections-3.2.1.jar
7fde78bf2000-7fde78bf3000 ---p 00000000 00:00 0 
7fde78bf3000-7fde78cf3000 rw-p 00000000 00:00 0                          [stack:30858]
7fde78cf3000-7fde78cf6000 ---p 00000000 00:00 0 
7fde78cf6000-7fde78df4000 rw-p 00000000 00:00 0                          [stack:30857]
7fde78df4000-7fde78df7000 ---p 00000000 00:00 0 
7fde78df7000-7fde78ef5000 rw-p 00000000 00:00 0                          [stack:30856]
7fde78ef5000-7fde78ef8000 ---p 00000000 00:00 0 
7fde78ef8000-7fde78ff6000 rw-p 00000000 00:00 0                          [stack:30855]
7fde78ff6000-7fde78ff9000 ---p 00000000 00:00 0 
7fde78ff9000-7fde790f7000 rw-p 00000000 00:00 0                          [stack:30854]
7fde790f7000-7fde790fa000 ---p 00000000 00:00 0 
7fde790fa000-7fde791f8000 rw-p 00000000 00:00 0                          [stack:30853]
7fde791f8000-7fde795f3000 r--p 00000000 08:13 1057001                    /usr/lib/locale/locale-archive
7fde795f6000-7fde795f9000 ---p 00000000 00:00 0 
7fde795f9000-7fde796f7000 rw-p 00000000 00:00 0                          [stack:30852]
7fde796f7000-7fde796fa000 ---p 00000000 00:00 0 
7fde796fa000-7fde797f8000 rw-p 00000000 00:00 0                          [stack:30851]
7fde797f8000-7fde797f9000 ---p 00000000 00:00 0 
7fde797f9000-7fde7c000000 rw-p 00000000 00:00 0                          [stack:30850]
7fde7c000000-7fde7c021000 rw-p 00000000 00:00 0 
7fde7c021000-7fde80000000 ---p 00000000 00:00 0 
7fde80000000-7fde80001000 r--s 00000000 08:13 1723666                    /home/anvi/.gradle/wrapper/dists/gradle-2.5-all/d3xh0kipe7wr2bvnx5sk0hao8/gradle-2.5/lib/jcip-annotations-1.0.jar
7fde80008000-7fde8000b000 r--s 00018000 08:13 1723630                    /home/anvi/.gradle/wrapper/dists/gradle-2.5-all/d3xh0kipe7wr2bvnx5sk0hao8/gradle-2.5/lib/commons-io-1.4.jar
7fde8000e000-7fde80013000 r--s 00036000 08:13 1723594                    /home/anvi/.gradle/wrapper/dists/gradle-2.5-all/d3xh0kipe7wr2bvnx5sk0hao8/gradle-2.5/lib/asm-all-5.0.3.jar
7fde80019000-7fde80085000 r--s 00689000 08:13 1723323                    /home/anvi/.gradle/wrapper/dists/gradle-2.5-all/d3xh0kipe7wr2bvnx5sk0hao8/gradle-2.5/lib/groovy-all-2.3.10.jar
7fde80089000-7fde8008e000 r--s 00041000 08:13 1723313                    /home/anvi/.gradle/wrapper/dists/gradle-2.5-all/d3xh0kipe7wr2bvnx5sk0hao8/gradle-2.5/lib/commons-lang-2.6.jar
7fde8008f000-7fde800b7000 r--s 001cf000 08:13 1723302                    /home/anvi/.gradle/wrapper/dists/gradle-2.5-all/d3xh0kipe7wr2bvnx5sk0hao8/gradle-2.5/lib/guava-jdk5-17.0.jar
7fde800b7000-7fde800b8000 r--s 00007000 08:13 1722871                    /home/anvi/.gradle/wrapper/dists/gradle-2.5-all/d3xh0kipe7wr2bvnx5sk0hao8/gradle-2.5/lib/slf4j-api-1.7.10.jar
7fde800bc000-7fde800bd000 r--s 00004000 08:13 1723849                    /home/anvi/.gradle/wrapper/dists/gradle-2.5-all/d3xh0kipe7wr2bvnx5sk0hao8/gradle-2.5/lib/ant-launcher-1.9.3.jar
7fde800c1000-7fde800f7000 r--s 001b1000 08:13 1722772                    /home/anvi/.gradle/wrapper/dists/gradle-2.5-all/d3xh0kipe7wr2bvnx5sk0hao8/gradle-2.5/lib/gradle-core-2.5.jar
7fde800f9000-7fde81000000 rw-p 00000000 00:00 0 
7fde81000000-7fde81570000 rwxp 00000000 00:00 0 
7fde81570000-7fde90000000 ---p 00000000 00:00 0 
7fde90000000-7fde90b10000 rw-p 00000000 00:00 0 
7fde90b10000-7fde94000000 ---p 00000000 00:00 0 
7fde94004000-7fde94023000 r--s 001cc000 08:13 1723593                    /home/anvi/.gradle/wrapper/dists/gradle-2.5-all/d3xh0kipe7wr2bvnx5sk0hao8/gradle-2.5/lib/ant-1.9.3.jar
7fde94029000-7fde94030000 r--s 00031000 08:13 1722751                    /home/anvi/.gradle/wrapper/dists/gradle-2.5-all/d3xh0kipe7wr2bvnx5sk0hao8/gradle-2.5/lib/gradle-base-services-2.5.jar
7fde94034000-7fde9403e000 r--s 00044000 08:13 1722655                    /home/anvi/.gradle/wrapper/dists/gradle-2.5-all/d3xh0kipe7wr2bvnx5sk0hao8/gradle-2.5/lib/gradle-launcher-2.5.jar
7fde94042000-7fde941f5000 rw-p 00000000 00:00 0 
7fde941f5000-7fde943cd000 r--s 03d1d000 08:13 1067348                    /usr/lib/jvm/java-8-oracle/jre/lib/rt.jar
7fde943cf000-7fde94645000 rw-p 00000000 00:00 0 
7fde94645000-7fde94646000 ---p 00000000 00:00 0 
7fde94646000-7fde94746000 rw-p 00000000 00:00 0                          [stack:30849]
7fde94746000-7fde94747000 ---p 00000000 00:00 0 
7fde94747000-7fde94847000 rw-p 00000000 00:00 0                          [stack:30848]
7fde94847000-7fde94848000 ---p 00000000 00:00 0 
7fde94848000-7fde94948000 rw-p 00000000 00:00 0                          [stack:30847]
7fde94948000-7fde94949000 ---p 00000000 00:00 0 
7fde94949000-7fde94a5d000 rw-p 00000000 00:00 0                          [stack:30846]
7fde94a5d000-7fde94b9f000 ---p 00000000 00:00 0 
7fde94b9f000-7fde94bb3000 rw-p 00000000 00:00 0 
7fde94bb3000-7fde94cf4000 ---p 00000000 00:00 0 
7fde94cf4000-7fde94d15000 rw-p 00000000 00:00 0 
7fde94d15000-7fde94d9f000 ---p 00000000 00:00 0 
7fde94d9f000-7fde94db6000 rw-p 00000000 00:00 0 
7fde94db6000-7fde95160000 ---p 00000000 00:00 0 
7fde95160000-7fde9517a000 r-xp 00000000 08:13 1192882                    /usr/lib/jvm/java-8-oracle/jre/lib/amd64/libzip.so
7fde9517a000-7fde9537a000 ---p 0001a000 08:13 1192882                    /usr/lib/jvm/java-8-oracle/jre/lib/amd64/libzip.so
7fde9537a000-7fde9537b000 rw-p 0001a000 08:13 1192882                    /usr/lib/jvm/java-8-oracle/jre/lib/amd64/libzip.so
7fde95380000-7fde9538b000 r-xp 00000000 08:13 1866244                    /lib/x86_64-linux-gnu/libnss_files-2.19.so
7fde9538b000-7fde9558a000 ---p 0000b000 08:13 1866244                    /lib/x86_64-linux-gnu/libnss_files-2.19.so
7fde9558a000-7fde9558b000 r--p 0000a000 08:13 1866244                    /lib/x86_64-linux-gnu/libnss_files-2.19.so
7fde9558b000-7fde9558c000 rw-p 0000b000 08:13 1866244                    /lib/x86_64-linux-gnu/libnss_files-2.19.so
7fde95590000-7fde9559b000 r-xp 00000000 08:13 1866236                    /lib/x86_64-linux-gnu/libnss_nis-2.19.so
7fde9559b000-7fde9579a000 ---p 0000b000 08:13 1866236                    /lib/x86_64-linux-gnu/libnss_nis-2.19.so
7fde9579a000-7fde9579b000 r--p 0000a000 08:13 1866236                    /lib/x86_64-linux-gnu/libnss_nis-2.19.so
7fde9579b000-7fde9579c000 rw-p 0000b000 08:13 1866236                    /lib/x86_64-linux-gnu/libnss_nis-2.19.so
7fde957a0000-7fde957b7000 r-xp 00000000 08:13 1866232                    /lib/x86_64-linux-gnu/libnsl-2.19.so
7fde957b7000-7fde959b6000 ---p 00017000 08:13 1866232                    /lib/x86_64-linux-gnu/libnsl-2.19.so
7fde959b6000-7fde959b7000 r--p 00016000 08:13 1866232                    /lib/x86_64-linux-gnu/libnsl-2.19.so
7fde959b7000-7fde959b8000 rw-p 00017000 08:13 1866232                    /lib/x86_64-linux-gnu/libnsl-2.19.so
7fde959b8000-7fde959ba000 rw-p 00000000 00:00 0 
7fde959c0000-7fde959c9000 r-xp 00000000 08:13 1866231                    /lib/x86_64-linux-gnu/libnss_compat-2.19.so
7fde959c9000-7fde95bc8000 ---p 00009000 08:13 1866231                    /lib/x86_64-linux-gnu/libnss_compat-2.19.so
7fde95bc8000-7fde95bc9000 r--p 00008000 08:13 1866231                    /lib/x86_64-linux-gnu/libnss_compat-2.19.so
7fde95bc9000-7fde95bca000 rw-p 00009000 08:13 1866231                    /lib/x86_64-linux-gnu/libnss_compat-2.19.so
7fde95bd0000-7fde95bfa000 r-xp 00000000 08:13 1192925                    /usr/lib/jvm/java-8-oracle/jre/lib/amd64/libjava.so
7fde95bfa000-7fde95dfa000 ---p 0002a000 08:13 1192925                    /usr/lib/jvm/java-8-oracle/jre/lib/amd64/libjava.so
7fde95dfa000-7fde95dfc000 rw-p 0002a000 08:13 1192925                    /usr/lib/jvm/java-8-oracle/jre/lib/amd64/libjava.so
7fde95e00000-7fde95e0d000 r-xp 00000000 08:13 1192936                    /usr/lib/jvm/java-8-oracle/jre/lib/amd64/libverify.so
7fde95e0d000-7fde9600d000 ---p 0000d000 08:13 1192936                    /usr/lib/jvm/java-8-oracle/jre/lib/amd64/libverify.so
7fde9600d000-7fde9600f000 rw-p 0000d000 08:13 1192936                    /usr/lib/jvm/java-8-oracle/jre/lib/amd64/libverify.so
7fde96010000-7fde96017000 r-xp 00000000 08:13 1866240                    /lib/x86_64-linux-gnu/librt-2.19.so
7fde96017000-7fde96216000 ---p 00007000 08:13 1866240                    /lib/x86_64-linux-gnu/librt-2.19.so
7fde96216000-7fde96217000 r--p 00006000 08:13 1866240                    /lib/x86_64-linux-gnu/librt-2.19.so
7fde96217000-7fde96218000 rw-p 00007000 08:13 1866240                    /lib/x86_64-linux-gnu/librt-2.19.so
7fde96218000-7fde9631d000 r-xp 00000000 08:13 1866226                    /lib/x86_64-linux-gnu/libm-2.19.so
7fde9631d000-7fde9651c000 ---p 00105000 08:13 1866226                    /lib/x86_64-linux-gnu/libm-2.19.so
7fde9651c000-7fde9651d000 r--p 00104000 08:13 1866226                    /lib/x86_64-linux-gnu/libm-2.19.so
7fde9651d000-7fde9651e000 rw-p 00105000 08:13 1866226                    /lib/x86_64-linux-gnu/libm-2.19.so
7fde96520000-7fde971df000 r-xp 00000000 08:13 1192921                    /usr/lib/jvm/java-8-oracle/jre/lib/amd64/server/libjvm.so
7fde971df000-7fde973de000 ---p 00cbf000 08:13 1192921                    /usr/lib/jvm/java-8-oracle/jre/lib/amd64/server/libjvm.so
7fde973de000-7fde974b7000 rw-p 00cbe000 08:13 1192921                    /usr/lib/jvm/java-8-oracle/jre/lib/amd64/server/libjvm.so
7fde974b7000-7fde97500000 rw-p 00000000 00:00 0 
7fde97500000-7fde976bb000 r-xp 00000000 08:13 1866241                    /lib/x86_64-linux-gnu/libc-2.19.so
7fde976bb000-7fde978ba000 ---p 001bb000 08:13 1866241                    /lib/x86_64-linux-gnu/libc-2.19.so
7fde978ba000-7fde978be000 r--p 001ba000 08:13 1866241                    /lib/x86_64-linux-gnu/libc-2.19.so
7fde978be000-7fde978c0000 rw-p 001be000 08:13 1866241                    /lib/x86_64-linux-gnu/libc-2.19.so
7fde978c0000-7fde978c5000 rw-p 00000000 00:00 0 
7fde978c8000-7fde978cb000 r-xp 00000000 08:13 1866228                    /lib/x86_64-linux-gnu/libdl-2.19.so
7fde978cb000-7fde97aca000 ---p 00003000 08:13 1866228                    /lib/x86_64-linux-gnu/libdl-2.19.so
7fde97aca000-7fde97acb000 r--p 00002000 08:13 1866228                    /lib/x86_64-linux-gnu/libdl-2.19.so
7fde97acb000-7fde97acc000 rw-p 00003000 08:13 1866228                    /lib/x86_64-linux-gnu/libdl-2.19.so
7fde97ad0000-7fde97ae5000 r-xp 00000000 08:13 1066781                    /usr/lib/jvm/java-8-oracle/lib/amd64/jli/libjli.so
7fde97ae5000-7fde97ce5000 ---p 00015000 08:13 1066781                    /usr/lib/jvm/java-8-oracle/lib/amd64/jli/libjli.so
7fde97ce5000-7fde97ce6000 rw-p 00015000 08:13 1066781                    /usr/lib/jvm/java-8-oracle/lib/amd64/jli/libjli.so
7fde97ce8000-7fde97d01000 r-xp 00000000 08:13 1866233                    /lib/x86_64-linux-gnu/libpthread-2.19.so
7fde97d01000-7fde97f00000 ---p 00019000 08:13 1866233                    /lib/x86_64-linux-gnu/libpthread-2.19.so
7fde97f00000-7fde97f01000 r--p 00018000 08:13 1866233                    /lib/x86_64-linux-gnu/libpthread-2.19.so
7fde97f01000-7fde97f02000 rw-p 00019000 08:13 1866233                    /lib/x86_64-linux-gnu/libpthread-2.19.so
7fde97f02000-7fde97f06000 rw-p 00000000 00:00 0 
7fde97f08000-7fde97f2b000 r-xp 00000000 08:13 1866234                    /lib/x86_64-linux-gnu/ld-2.19.so
7fde97f2b000-7fde98004000 rw-p 00000000 00:00 0 
7fde98004000-7fde98007000 ---p 00000000 00:00 0 
7fde98007000-7fde98108000 rw-p 00000000 00:00 0                          [stack:30845]
7fde9810f000-7fde98115000 r--s 0007f000 08:13 1197722                    /usr/lib/jvm/java-8-oracle/jre/lib/ext/mysql-connector-java-5.0.8-bin.jar
7fde98118000-7fde98120000 rw-s 00000000 08:13 664973                     /tmp/hsperfdata_anvi/30841
7fde98125000-7fde98126000 rw-p 00000000 00:00 0 
7fde98126000-7fde98127000 r--p 00000000 00:00 0 
7fde98127000-7fde98128000 rw-p 00000000 00:00 0 
7fde98128000-7fde98129000 ---p 00000000 00:00 0 
7fde98129000-7fde9812a000 rw-p 00000000 00:00 0 
7fde9812a000-7fde9812b000 r--p 00022000 08:13 1866234                    /lib/x86_64-linux-gnu/ld-2.19.so
7fde9812b000-7fde9812c000 rw-p 00023000 08:13 1866234                    /lib/x86_64-linux-gnu/ld-2.19.so
7fde9812c000-7fde9812f000 rw-p 00000000 00:00 0 
7ffc46d99000-7ffc46dba000 rw-p 00000000 00:00 0                          [stack]
7ffc46de8000-7ffc46dea000 r--p 00000000 00:00 0                          [vvar]
7ffc46dea000-7ffc46dec000 r-xp 00000000 00:00 0                          [vdso]
ffffffffff600000-ffffffffff601000 r-xp 00000000 00:00 0                  [vsyscall]

VM Arguments:
jvm_args: -XX:MaxPermSize=256m -XX:+HeapDumpOnOutOfMemoryError -Xmx1024m -Dfile.encoding=UTF-8 -Duser.country=US -Duser.language=en -Duser.variant 
java_command: org.gradle.launcher.daemon.bootstrap.GradleDaemon 2.5
java_class_path (initial): /home/anvi/.gradle/wrapper/dists/gradle-2.5-all/d3xh0kipe7wr2bvnx5sk0hao8/gradle-2.5/lib/gradle-launcher-2.5.jar
Launcher Type: SUN_STANDARD

Environment Variables:
JAVA_HOME=/usr/lib/jvm/java-8-oracle
PATH=/usr/local/sbin:/usr/local/bin:/usr/sbin:/usr/bin:/sbin:/bin:/usr/games:/usr/local/games:/usr/lib/jvm/java-8-oracle/bin:/usr/lib/jvm/java-8-oracle/db/bin:/usr/lib/jvm/java-8-oracle/jre/bin
USERNAME=anvi
LD_LIBRARY_PATH=idea-IC-143.1821.5/bin:
SHELL=/bin/bash
DISPLAY=:0

Signal Handlers:
SIGSEGV: [libjvm.so+0xabb070], sa_mask[0]=11111111011111111101111111111110, sa_flags=SA_RESTART|SA_SIGINFO
SIGBUS: [libjvm.so+0xabb070], sa_mask[0]=11111111011111111101111111111110, sa_flags=SA_RESTART|SA_SIGINFO
SIGFPE: [libjvm.so+0x918480], sa_mask[0]=11111111011111111101111111111110, sa_flags=SA_RESTART|SA_SIGINFO
SIGPIPE: [libjvm.so+0x918480], sa_mask[0]=11111111011111111101111111111110, sa_flags=SA_RESTART|SA_SIGINFO
SIGXFSZ: [libjvm.so+0x918480], sa_mask[0]=11111111011111111101111111111110, sa_flags=SA_RESTART|SA_SIGINFO
SIGILL: [libjvm.so+0x918480], sa_mask[0]=11111111011111111101111111111110, sa_flags=SA_RESTART|SA_SIGINFO
SIGUSR1: SIG_DFL, sa_mask[0]=00000000000000000000000000000000, sa_flags=none
SIGUSR2: [libjvm.so+0x919ab0], sa_mask[0]=00100000000000000000000000000000, sa_flags=SA_RESTART|SA_SIGINFO
SIGHUP: [libjvm.so+0x91aeb0], sa_mask[0]=11111111011111111101111111111110, sa_flags=SA_RESTART|SA_SIGINFO
SIGINT: [libjvm.so+0x91aeb0], sa_mask[0]=11111111011111111101111111111110, sa_flags=SA_RESTART|SA_SIGINFO
SIGTERM: [libjvm.so+0x91aeb0], sa_mask[0]=11111111011111111101111111111110, sa_flags=SA_RESTART|SA_SIGINFO
SIGQUIT: [libjvm.so+0x91aeb0], sa_mask[0]=11111111011111111101111111111110, sa_flags=SA_RESTART|SA_SIGINFO


---------------  S Y S T E M  ---------------

OS:DISTRIB_ID=LinuxMint
DISTRIB_RELEASE=17.3
DISTRIB_CODENAME=rosa
DISTRIB_DESCRIPTION="Linux Mint 17.3 Rosa"

uname:Linux 3.19.0-32-generic #37~14.04.1-Ubuntu SMP Thu Oct 22 09:41:40 UTC 2015 x86_64
libc:glibc 2.19 NPTL 2.19 
rlimit: STACK 8192k, CORE 0k, NPROC 15203, NOFILE 4096, AS infinity
load average:1,90 1,49 1,12

/proc/meminfo:
MemTotal:        3924176 kB
MemFree:          103040 kB
MemAvailable:      45756 kB
Buffers:             336 kB
Cached:            60400 kB
SwapCached:        25796 kB
Active:          2720600 kB
Inactive:         777444 kB
Active(anon):    2708944 kB
Inactive(anon):   767772 kB
Active(file):      11656 kB
Inactive(file):     9672 kB
Unevictable:         292 kB
Mlocked:             292 kB
SwapTotal:       1023996 kB
SwapFree:              0 kB
Dirty:                32 kB
Writeback:             0 kB
AnonPages:       3413032 kB
Mapped:            55856 kB
Shmem:             39232 kB
Slab:              79516 kB
SReclaimable:      33028 kB
SUnreclaim:        46488 kB
KernelStack:       11920 kB
PageTables:        65952 kB
NFS_Unstable:          0 kB
Bounce:                0 kB
WritebackTmp:          0 kB
CommitLimit:     2986084 kB
Committed_AS:    9984848 kB
VmallocTotal:   34359738367 kB
VmallocUsed:      105544 kB
VmallocChunk:   34359615616 kB
HardwareCorrupted:     0 kB
AnonHugePages:   1013760 kB
CmaTotal:              0 kB
CmaFree:               0 kB
HugePages_Total:       0
HugePages_Free:        0
HugePages_Rsvd:        0
HugePages_Surp:        0
Hugepagesize:       2048 kB
DirectMap4k:     2971444 kB
DirectMap2M:     1165312 kB
DirectMap1G:           0 kB


CPU:total 4 (4 cores per cpu, 1 threads per core) family 21 model 16 stepping 1, cmov, cx8, fxsr, mmx, sse, sse2, sse3, ssse3, sse4.1, sse4.2, popcnt, avx, aes, clmul, mmxext, 3dnowpref, lzcnt, sse4a, tsc, tscinvbit, tscinv, bmi1

/proc/cpuinfo:
processor	: 0
vendor_id	: AuthenticAMD
cpu family	: 21
model		: 16
model name	: AMD Athlon(tm) X4 750K Quad Core Processor
stepping	: 1
microcode	: 0x6001119
cpu MHz		: 3400.000
cache size	: 2048 KB
physical id	: 0
siblings	: 4
core id		: 0
cpu cores	: 2
apicid		: 16
initial apicid	: 0
fpu		: yes
fpu_exception	: yes
cpuid level	: 13
wp		: yes
flags		: fpu vme de pse tsc msr pae mce cx8 apic sep mtrr pge mca cmov pat pse36 clflush mmx fxsr sse sse2 ht syscall nx mmxext fxsr_opt pdpe1gb rdtscp lm constant_tsc rep_good nopl nonstop_tsc extd_apicid aperfmperf pni pclmulqdq monitor ssse3 fma cx16 sse4_1 sse4_2 popcnt aes xsave avx f16c lahf_lm cmp_legacy svm extapic cr8_legacy abm sse4a misalignsse 3dnowprefetch osvw ibs xop skinit wdt lwp fma4 tce tbm topoext perfctr_core perfctr_nb arat cpb hw_pstate npt lbrv svm_lock nrip_save tsc_scale vmcb_clean flushbyasid decodeassists pausefilter pfthreshold vmmcall bmi1
bugs		: fxsave_leak
bogomips	: 6782.85
TLB size	: 1536 4K pages
clflush size	: 64
cache_alignment	: 64
address sizes	: 48 bits physical, 48 bits virtual
power management: ts ttp tm 100mhzsteps hwpstate cpb eff_freq_ro

processor	: 1
vendor_id	: AuthenticAMD
cpu family	: 21
model		: 16
model name	: AMD Athlon(tm) X4 750K Quad Core Processor     
stepping	: 1
microcode	: 0x6001119
cpu MHz		: 1400.000
cache size	: 2048 KB
physical id	: 0
siblings	: 4
core id		: 1
cpu cores	: 2
apicid		: 17
initial apicid	: 1
fpu		: yes
fpu_exception	: yes
cpuid level	: 13
wp		: yes
flags		: fpu vme de pse tsc msr pae mce cx8 apic sep mtrr pge mca cmov pat pse36 clflush mmx fxsr sse sse2 ht syscall nx mmxext fxsr_opt pdpe1gb rdtscp lm constant_tsc rep_good nopl nonstop_tsc extd_apicid aperfmperf pni pclmulqdq monitor ssse3 fma cx16 sse4_1 sse4_2 popcnt aes xsave avx f16c lahf_lm cmp_legacy svm extapic cr8_legacy abm sse4a misalignsse 3dnowprefetch osvw ibs xop skinit wdt lwp fma4 tce tbm topoext perfctr_core perfctr_nb arat cpb hw_pstate npt lbrv svm_lock nrip_save tsc_scale vmcb_clean flushbyasid decodeassists pausefilter pfthreshold vmmcall bmi1
bugs		: fxsave_leak
bogomips	: 6782.85
TLB size	: 1536 4K pages
clflush size	: 64
cache_alignment	: 64
address sizes	: 48 bits physical, 48 bits virtual
power management: ts ttp tm 100mhzsteps hwpstate cpb eff_freq_ro

processor	: 2
vendor_id	: AuthenticAMD
cpu family	: 21
model		: 16
model name	: AMD Athlon(tm) X4 750K Quad Core Processor     
stepping	: 1
microcode	: 0x6001119
cpu MHz		: 1400.000
cache size	: 2048 KB
physical id	: 0
siblings	: 4
core id		: 2
cpu cores	: 2
apicid		: 18
initial apicid	: 2
fpu		: yes
fpu_exception	: yes
cpuid level	: 13
wp		: yes
flags		: fpu vme de pse tsc msr pae mce cx8 apic sep mtrr pge mca cmov pat pse36 clflush mmx fxsr sse sse2 ht syscall nx mmxext fxsr_opt pdpe1gb rdtscp lm constant_tsc rep_good nopl nonstop_tsc extd_apicid aperfmperf pni pclmulqdq monitor ssse3 fma cx16 sse4_1 sse4_2 popcnt aes xsave avx f16c lahf_lm cmp_legacy svm extapic cr8_legacy abm sse4a misalignsse 3dnowprefetch osvw ibs xop skinit wdt lwp fma4 tce tbm topoext perfctr_core perfctr_nb arat cpb hw_pstate npt lbrv svm_lock nrip_save tsc_scale vmcb_clean flushbyasid decodeassists pausefilter pfthreshold vmmcall bmi1
bugs		: fxsave_leak
bogomips	: 6782.85
TLB size	: 1536 4K pages
clflush size	: 64
cache_alignment	: 64
address sizes	: 48 bits physical, 48 bits virtual
power management: ts ttp tm 100mhzsteps hwpstate cpb eff_freq_ro

processor	: 3
vendor_id	: AuthenticAMD
cpu family	: 21
model		: 16
model name	: AMD Athlon(tm) X4 750K Quad Core Processor     
stepping	: 1
microcode	: 0x6001119
cpu MHz		: 1400.000
cache size	: 2048 KB
physical id	: 0
siblings	: 4
core id		: 3
cpu cores	: 2
apicid		: 19
initial apicid	: 3
fpu		: yes
fpu_exception	: yes
cpuid level	: 13
wp		: yes
flags		: fpu vme de pse tsc msr pae mce cx8 apic sep mtrr pge mca cmov pat pse36 clflush mmx fxsr sse sse2 ht syscall nx mmxext fxsr_opt pdpe1gb rdtscp lm constant_tsc rep_good nopl nonstop_tsc extd_apicid aperfmperf pni pclmulqdq monitor ssse3 fma cx16 sse4_1 sse4_2 popcnt aes xsave avx f16c lahf_lm cmp_legacy svm extapic cr8_legacy abm sse4a misalignsse 3dnowprefetch osvw ibs xop skinit wdt lwp fma4 tce tbm topoext perfctr_core perfctr_nb arat cpb hw_pstate npt lbrv svm_lock nrip_save tsc_scale vmcb_clean flushbyasid decodeassists pausefilter pfthreshold vmmcall bmi1
bugs		: fxsave_leak
bogomips	: 6782.85
TLB size	: 1536 4K pages
clflush size	: 64
cache_alignment	: 64
address sizes	: 48 bits physical, 48 bits virtual
power management: ts ttp tm 100mhzsteps hwpstate cpb eff_freq_ro



Memory: 4k page, physical 3924176k(104416k free), swap 1023996k(0k free)

vm_info: Java HotSpot(TM) 64-Bit Server VM (25.72-b15) for linux-amd64 JRE (1.8.0_72-b15), built on Dec 22 2015 22:00:07 by "java_re" with gcc 4.3.0 20080428 (Red Hat 4.3.0-8)

time: Sat May  7 19:23:49 2016
elapsed time: 7 seconds (0d 0h 0m 7s)

